0.293222   0.324464   0.285649
-0.346229   -0.389075   0.350902
0.140672   -0.164565   -0.113909
-0.075535   0.416469   -0.456296
-0.402836   0.22216   -0.447917
-0.258956   0.381022   0.45245
0.0242171   -0.271997   0.212201
0.286666   -0.37634   -0.208529
-0.450767   0.485979   0.473311
-0.146261   0.241068   0.313199
0.0949202   -0.40806   -0.117485
0.409986   0.297671   -0.421106
-0.327972   -0.422237   0.170328
-0.199778   0.171296   -0.144191
0.0996883   0.417012   -0.222521
0.315536   -0.0468795   0.345596
-0.269852   -0.476916   -0.174111
-0.169122   -0.316471   0.444882
-0.481034   0.185677   -0.240722
-0.0691706   -0.0617511   -0.442889
0.0827332   -0.0032005   -0.303991
0.0342222   -0.0565672   0.0814175
-0.231092   0.329306   -0.357067
0.408416   -0.244213   0.357599
-0.159799   -0.0135421   -0.237384
0.245751   0.155171   -0.0217564
-0.0460162   0.0851302   0.21115
-0.288854   0.114111   0.245896
-0.080359   0.148629   -0.317871
0.28182   0.0193823   -0.227205
0.256056   0.449882   0.448856
-0.350035   0.33038   -0.184764
-0.364791   -0.143893   -0.246629
-0.374042   -0.0838583   0.267394
0.278184   0.15478   0.361058
0.464269   -0.397064   -0.0475209
0.103509   0.278361   0.374889
-0.407615   -0.142765   0.441688
-0.226953   -0.24108   0.265718
-0.294361   0.121477   -0.323467
-0.396865   0.211479   0.0670233
0.183743   -0.270716   -0.424493
-0.316766   0.0653239   0.443005
0.421306   0.0832285   0.152223
-0.475751   -0.0209093   -0.36674
-0.271346   0.334697   0.178286
-0.465304   0.40295   0.207017
0.408606   -0.470395   0.322527
-0.203297   0.318527   -0.00761359
0.00586671   0.0463564   -0.127247
-0.423334   0.446646   -0.00588064
0.0853579   0.0727151   0.414324
-0.0534024   -0.255508   -0.0280833
0.493964   0.112435   0.352459
-0.215747   -0.178513   -0.411324
0.0164877   -0.211695   0.456914
-0.136325   0.153784   0.499934
-0.170051   -0.0474253   0.148649
0.0256099   0.461978   0.356522
0.400369   0.301257   -0.0260383
-0.204746   -0.228878   -0.168742
0.288077   -0.0338554   -0.031495
-0.184052   -0.0770566   0.376758
0.0349982   -0.428261   -0.427846
0.435899   -0.102248   0.129285
0.208959   -0.386803   0.0450383
-0.168616   -0.482779   0.30015
0.20564   -0.282475   0.346193
0.0465172   -0.0881597   0.277099
0.349552   0.457296   0.106613
0.349193   -0.238894   -0.0233403
0.0528532   0.125464   0.0401725
0.120826   0.207434   -0.19274
0.0140636   -0.493007   0.170042
0.485309   0.327352   0.380086
0.169256   0.335737   0.067391
-0.11484   -0.0768883   -0.0438897
-0.269619   -0.48399   -0.377159
0.19776   -0.0664531   -0.477046
-0.4203   -0.189259   -0.0307129
0.398142   -0.240473   -0.441934
-0.0880597   0.339326   -0.22636
0.325632   0.217477   -0.206767
0.445714   0.0721009   -0.0935615
0.286043   0.45497   -0.102013
-0.200486   0.137533   0.0525472
-0.0856932   -0.456681   -0.184668
0.0438521   0.257199   -0.425925
0.0269056   -0.224053   -0.293323
-0.438957   -0.255213   0.153486
0.363218   -0.333577   0.174769
0.206674   0.152953   -0.373942
0.364946   0.41523   -0.276081
0.207848   0.0809582   0.165801
-0.00132517   0.279377   0.182693
0.269869   -0.154408   -0.281752
-0.317482   -0.00539081   -0.104858
0.476506   -0.284594   -0.21679
0.381842   -0.429981   -0.452226
-0.449733   0.398059   -0.338927
-0.361504   0.00671813   0.0861759
0.225407   -0.134339   0.17592
0.218963   0.489087   -0.359684
-0.0151051   0.315246   -0.037376
-0.227711   -0.255365   0.0579471
0.220161   -0.466228   0.259813
-0.180227   -0.482194   0.062072
-0.403732   -0.313175   -0.469209
