-0.187399   0.441455   0.253869
0.080119   1.36296   1.70441
-0.0585441   0.377312   -0.462555
0.615247   1.2538   -0.676014
0.647526   0.449365   -0.781763
-1.67193   1.08582   0.711558
1.10398   -0.811066   0.96555
-0.259104   0.0101339   1.31922
0.153432   -0.127368   0.353721
-1.41274   -2.75462   -0.0713727
0.204618   -0.00891747   0.289579
0.420774   0.637423   1.03448
1.02483   0.0244095   -0.0694376
0.40679   0.674959   -0.592228
-0.0911447   1.49999   0.685813
0.594501   0.711903   -0.30174
0.143013   0.924637   -1.60908
0.153112   -0.580507   -0.345995
0.0924865   -0.842004   0.294078
-0.647399   1.13799   -1.10845
0.106356   -0.449231   1.85657
0.567688   -1.59557   -0.043443
0.595762   0.596072   -1.24114
1.00917   -0.0439791   1.92009
-1.35719   -0.46168   1.04888
-0.905934   -1.9481   0.244838
0.375073   0.238648   -1.98987
-0.105499   0.729071   1.25952
0.667267   -1.24157   -1.03642
-0.348392   -1.72116   -0.979218
-0.484122   -2.43771   1.95036
-0.978048   0.790082   -0.88581
-0.783894   0.413527   0.093998
1.136   -0.764864   1.77014
-0.536429   -0.659861   -1.67318
0.669763   0.175232   0.665958
-1.1356   -0.831587   0.10039
-0.145309   -1.15612   0.508537
-0.0734959   -0.214268   -2.69242
-1.3521   1.28876   -1.28794
-1.67275   0.794248   -1.85406
-0.188894   0.376672   -0.220157
-0.177479   1.32518   -0.134692
-0.204825   -1.04861   -1.99375
-0.636964   1.12392   0.31966
3.9794e-05   0.955388   -1.75941
1.21126   0.105964   0.205819
-0.289833   -1.06006   1.7259
0.404121   -0.317326   0.600387
-0.165548   0.579606   0.764543
-0.468765   1.63296   0.314532
-0.271848   0.277898   -0.614203
-1.66986   1.85691   0.247442
0.440273   -0.905653   -0.091003
-0.187551   -0.346226   -1.38508
1.01361   -1.39767   -1.61996
-0.106801   -1.18833   0.519249
-0.275903   0.838047   -0.641504
-0.0164471   0.102635   -0.278329
-2.367   0.291758   0.0908672
1.99962   -0.762192   -2.58008
0.0139761   -0.0777231   0.57993
0.578753   0.0234888   1.28734
0.149828   -0.971034   -0.886781
-0.233291   -1.92034   0.849795
-0.660013   2.15791   1.76356
0.400128   0.388385   0.917931
0.348538   -0.414741   1.1222
1.84243   0.119864   -0.0948127
0.0945141   -0.213129   -0.402951
1.65094   -1.50771   0.622926
-0.6244   0.0184072   1.13131
-1.82391   0.636537   0.137985
-0.39384   -1.24643   0.765256
0.915488   0.398323   -0.790863
-1.76536   -0.0548902   -0.62773
-1.7567   2.42006   1.56275
-1.02965   1.80077   -0.589214
1.13084   0.297661   0.484156
0.963012   0.612747   0.0797384
0.278087   0.522501   -0.302506
-1.61956   -0.906259   0.167056
0.11619   -2.17746   -0.288974
0.840369   -0.898416   1.01549
1.14445   1.00673   0.71337
-1.09578   0.0425201   -1.19506
-0.523416   -0.294202   -1.88549
0.0766797   -1.80319   -0.0975703
1.35643   0.257328   -2.22436
-0.143415   -0.592983   0.0661932
0.881722   -1.52871   0.311673
-0.973301   1.2732   0.795393
2.50988   0.950159   -0.223013
0.897155   0.13161   -0.515172
0.776551   -0.0322094   0.355538
-0.0139734   0.499472   1.5979
0.290982   -0.912545   0.359153
0.659044   -0.42472   -1.65511
-0.228488   -0.632236   -0.134139
-0.0361245   1.48494   -0.0690954
-0.520459   0.299669   -1.95607
-0.0544801   2.40217   1.27791
0.270808   0.183499   -1.58164
0.810352   0.455436   -0.77044
-0.336589   -0.519281   0.787188
-0.940935   2.68765   1.61478
0.776542   -1.38749   2.1114
0.398312   -1.96383   1.01339
