-0.0734277   0.19648   0.0859192
-0.463109   0.328117   -0.469895
-0.361289   -0.177078   0.313759
0.0638252   0.189715   0.409624
0.445504   0.302011   -0.454049
-0.488436   0.33496   0.262019
0.476675   -0.473451   -0.26845
-0.079729   0.266586   0.0189274
0.385697   0.404501   0.391049
0.007973   0.202949   0.348221
0.305086   -0.326895   0.267227
-0.4778   -0.224153   -0.47291
0.433368   0.055594   -0.384537
0.206576   0.26078   -0.467196
-0.0578014   0.319637   0.468729
-0.37313   -0.481666   0.00590667
-0.3709   -0.33961   -0.359873
-0.160709   0.279157   0.380152
0.336683   -0.498573   0.17968
0.0626248   -0.218577   0.355841
0.430194   -0.276857   -0.488084
-0.173109   -0.282214   0.0387727
-0.373011   -0.468383   -0.228166
-0.244602   -0.325294   -0.175705
-0.305397   -0.17048   0.00896815
0.182517   -0.135513   -0.207143
0.359191   -0.330693   -0.241
0.299892   0.201867   -0.0230855
0.256785   0.146078   -0.404618
-0.368736   -0.155884   0.482455
0.307735   -0.399262   -0.159791
-0.0359488   -0.481292   -0.483406
0.10927   -0.10801   -0.128212
-0.351861   -0.392091   -0.0474739
0.335479   0.297643   0.335113
0.471882   -0.422233   0.374353
0.231049   0.235505   0.290306
0.142735   0.0659364   0.454514
-0.36633   -0.38771   0.4934
-0.47046   -0.485527   0.436601
-0.0612207   -0.262822   -0.337035
-0.34168   -0.130563   0.0856053
-0.105831   0.330639   -0.459526
-0.485048   0.367145   -0.387857
-0.0960563   0.241561   0.443063
-0.168117   0.212508   -0.0276656
0.487582   -0.153421   0.24257
0.0307509   -0.0954451   -0.0753291
-0.114578   0.449572   0.205832
-0.139091   -0.352234   -0.0635628
-0.165629   -0.416217   -0.476859
0.214555   0.182375   0.027712
-0.160092   -0.410891   -0.382872
-0.109956   -0.283034   -0.154114
0.245725   0.384026   0.47832
0.203885   -0.0882932   -0.155431
0.0768286   -0.114045   -0.246668
-0.108403   -0.208188   0.392335
-0.286153   -0.0531069   0.0579425
0.0051266   -0.0209697   -0.480947
-0.496544   0.43465   0.353628
-0.222799   0.0938129   -0.429628
0.225223   -0.219124   -0.0573616
-0.166296   0.109483   -0.387729
0.227396   -0.0963476   -0.25906
0.459689   -0.0436126   -0.320172
0.276092   -0.151974   -0.190937
0.0933093   0.468275   0.431156
-0.429089   -0.108526   -0.182778
-0.0700452   -0.337364   -0.390624
-0.412876   -0.0865854   0.126418
-0.334539   -0.311433   -0.168478
-0.22282   -0.0251488   -0.494435
-0.33726   0.461386   -0.0273084
0.371895   0.359416   0.292426
-0.464161   -0.186127   0.310214
-0.182076   0.35751   0.249347
0.355324   0.312895   0.420022
0.195016   -0.241107   -0.312054
-0.200684   0.0982322   0.461071
0.160886   -0.316023   0.129936
-0.461979   -0.0890094   -0.0842752
-0.29819   0.0520251   0.152324
0.312965   -0.060189   -0.489188
0.473476   0.0847935   -0.0438235
-0.153229   0.308201   0.461642
0.126239   -0.201511   0.206317
0.214605   -0.153835   0.255911
-0.394295   0.296425   -0.376746
0.437811   -0.149051   -0.105319
0.108239   0.391093   -0.187333
0.0879302   0.340112   -0.42889
-0.17154   0.0192775   -0.410067
0.273656   0.300321   -0.311908
-0.492336   -0.0494556   0.429624
-0.351011   -0.402641   0.0724516
0.228917   0.465787   -0.351578
0.438371   -0.498669   0.366942
-0.221282   -0.46937   0.339684
0.0724655   0.297811   -0.23456
-0.44144   0.425686   -0.428762
0.424681   -0.373921   -0.0547087
0.0727441   -0.47339   -0.0708226
-0.191621   0.372549   0.376034
-0.298205   -0.497436   -0.167107
-0.121246   -0.182337   -0.464227
-0.396507   0.190382   0.338015
-0.28241   0.379398   0.0332666
