-0.308029   -0.944747   -0.438996
0.418772   -0.430723   -1.22002
-0.315006   0.928984   -0.525656
1.78715   -1.09086   -0.947277
-2.0794   1.87643   0.201616
0.187838   0.70818   -0.22259
-0.763254   -1.77662   0.391873
-1.92635   1.55342   -2.24319
1.85857   0.861762   -0.189178
-0.694361   -1.2507   1.89298
-0.250363   -0.174129   -0.445078
0.051335   -2.71074   -1.25988
1.52827   -0.664353   -1.2165
-1.09705   0.750056   1.69214
0.390384   -0.366355   0.186317
0.112779   0.260993   -0.468214
-1.32897   2.69006   1.00658
1.27519   1.57862   -1.18568
0.836909   -1.35548   -0.487548
-0.466361   1.77339   0.585738
0.87388   0.518456   0.804198
-0.814184   0.763242   -0.338023
-1.28019   -0.218708   -0.433642
-0.565144   -0.142741   -0.347436
0.0220686   -2.23049   0.412559
2.21678   -1.69706   -0.721453
-1.36564   0.507539   0.559002
-1.07798   1.27418   -0.869909
0.615443   0.170188   -0.005248
1.21402   1.45261   1.06002
-0.299439   -0.657927   0.607398
0.401999   0.809454   1.94187
1.27844   -0.92135   -0.68245
-2.40427   -0.512372   -0.657295
0.0431372   1.63378   -0.0588229
-1.19151   0.739502   -1.78535
-0.560839   -1.23692   -0.841695
-0.111103   1.79845   -0.500337
0.7348   1.26645   1.50209
-2.45709   2.22207   1.1322
0.925152   -0.778338   1.1458
0.339053   1.11556   0.454985
-0.968196   -1.41094   1.25421
0.301608   -0.616013   -1.01102
-3.31384   -0.528942   0.977337
-0.0525347   -2.06238   0.81356
0.424993   1.00208   -0.84728
1.26853   -1.54776   1.70927
2.05594   -0.535583   -1.11342
-1.75023   -1.73613   1.76524
-0.116534   0.633112   0.584892
0.615516   -0.405964   -1.22088
0.649417   1.53403   -0.571499
0.0210385   1.8161   -1.4917
0.23371   1.56629   -1.67666
-0.990681   -0.0628977   -0.33377
0.352123   0.85434   0.201018
2.13599   -1.48114   2.92486
-0.446655   -0.564676   0.282425
0.112646   0.840396   1.22214
1.73843   -0.25545   -0.29484
1.15914   0.181601   0.352278
1.87253   -0.689596   0.920201
-1.173   -0.520388   -1.43601
0.252271   1.91434   1.48461
0.816241   -0.704712   1.48839
-0.575494   0.100335   -0.508099
0.517987   -0.341348   -1.1343
-0.268204   1.30068   -1.05374
-0.170098   -2.10471   0.125115
-0.0128012   -0.775643   -1.13654
0.0589332   0.728859   0.986988
0.581584   1.2825   2.2838
0.590529   -1.29528   0.617341
0.153198   1.57549   -1.3262
-0.542406   0.246064   0.760402
0.300352   0.745543   0.239906
1.46382   -1.73133   -1.05187
-1.9371   -1.41865   0.696861
0.689158   0.430377   0.207294
0.448436   -0.149261   -1.56513
-0.607354   -0.509546   2.59012
-0.78659   -0.0563958   -0.367448
0.234991   0.101635   -0.144196
1.17434   0.0943014   -0.946382
0.853664   -0.628699   -0.946954
0.34935   -0.245507   -1.27248
-1.30005   -1.34911   0.602757
0.422994   0.869594   1.26525
0.0267673   -0.712169   0.727274
0.532762   0.533311   -0.201524
0.316429   1.40556   0.347602
-0.16192   0.689409   -0.105823
1.01436   -0.324705   0.32601
-2.93089   0.415631   -0.108693
1.19828   -1.31043   -0.525401
-0.415579   -3.34662   0.193331
0.572909   -1.92474   -0.367651
0.959668   0.681688   0.282725
0.167171   0.00602539   -0.792347
-0.5411   0.494865   -1.07946
1.12027   -0.716862   -1.09137
-1.23495   0.462226   -0.436944
-0.389525   -0.106296   -0.724712
0.186566   -0.249675   -0.14073
-0.105747   1.2127   2.05153
-0.886482   0.595566   -2.06481
-2.02213   0.0121293   1.31923
