0.431004   -0.127891   0.0245785
-0.301981   0.197524   0.254794
-0.427644   -0.496433   -0.357457
-0.371469   0.290366   0.498036
-0.217381   -0.288044   0.415097
0.154661   -0.495014   -0.147852
-0.349645   0.460642   0.397202
-0.0696877   0.207686   -0.264991
0.34572   0.283753   -0.262785
0.241531   -0.15424   0.239199
0.32126   0.197873   0.362397
0.229694   0.0543324   -0.38646
-0.383788   0.111908   -0.0228157
-0.487339   0.139756   0.296492
0.231141   0.414074   0.340346
-0.426971   0.0199441   -0.193736
0.229669   0.280066   -0.472687
-0.137845   0.0541431   0.207534
0.130055   0.219008   0.341569
-0.277135   -0.178065   -0.223102
0.490845   -0.251209   -0.268455
-0.0422081   -0.4348   0.177197
0.193989   -0.278829   -0.135103
-0.268331   0.382198   -0.310851
-0.357047   0.0308265   0.203748
0.0279657   0.219677   -0.0778585
0.359769   -0.012785   0.338705
0.490952   0.319987   0.347039
0.209569   0.498098   -0.392802
-0.47022   0.288172   0.0250767
-0.162951   0.0750435   0.424575
0.0280418   0.0541115   -0.308144
0.140714   -0.203466   0.411375
-0.088902   -0.433568   -0.0180196
-0.158892   -0.493766   0.366667
-0.43996   0.251294   -0.304466
-0.288898   -0.474103   0.00103896
-0.383812   -0.332997   0.356984
0.19038   0.101017   -0.178772
-0.167962   0.387018   -0.109632
-0.301602   -0.132939   0.340852
-0.18364   0.373466   0.208663
-0.0195846   -0.354096   -0.494976
-0.0437888   -0.460069   -0.212744
0.360426   -0.496166   -0.274484
0.453859   -0.465941   0.322248
0.13059   -0.381314   0.0307882
-0.155123   -0.317686   -0.324151
0.129059   0.185235   0.127855
-0.0325836   0.204135   -0.483473
0.307029   -0.108851   -0.481736
-0.220706   -0.132224   0.156459
-0.43508   -0.298235   -0.0676903
0.195015   -0.124642   -0.0076404
-0.194903   -0.156573   -0.440305
0.498652   -0.372406   0.134509
0.351098   0.490504   0.13959
-0.0552462   -0.134663   -0.246202
0.133626   -0.315524   -0.350952
-0.265408   -0.394176   0.176535
-0.0464735   -0.273089   0.29577
0.1856   0.414775   0.0654103
-0.079632   0.244185   0.321129
0.14285   0.316186   -0.29409
0.166714   -0.113802   -0.233441
0.302276   -0.288156   0.0989762
0.293817   0.30329   -0.075264
-0.252468   0.165487   -0.380361
0.141121   -0.381294   0.222267
-0.234205   -0.472732   -0.436865
0.301144   -0.22867   -0.300701
0.396427   0.142699   -0.113465
-0.426133   -0.163203   0.166396
-0.291789   -0.388497   -0.214049
-0.371685   -0.264425   -0.444374
0.0630775   -0.210031   0.136028
0.284326   0.0372513   0.0527764
0.025368   0.426691   0.315123
-0.356398   0.292149   -0.125732
0.498842   -0.132607   0.440748
0.0313401   0.0100094   0.0792992
0.379188   0.201182   0.150093
-0.192874   0.340392   0.478915
0.359679   -0.0585308   -0.178681
-0.38041   -0.0758645   -0.00951231
-0.185166   0.242711   0.0384567
-0.108318   -0.115409   -0.0242156
0.406748   -0.377217   -0.441244
-0.329883   -0.0290785   -0.371523
0.469045   0.0365005   -0.379405
0.434327   0.22368   -0.476519
0.172837   -0.383941   0.424698
0.38398   0.406329   0.494099
-0.00262628   0.034525   -0.128611
-0.226159   0.136847   -0.140647
-0.354684   0.0592956   0.435012
-0.0853415   -0.0843055   0.34401
0.117973   0.0210681   0.297333
-0.0240864   0.325124   0.091978
0.419669   -0.256557   0.279798
-0.243157   -0.263097   0.0103658
0.0472646   -0.00420922   0.490577
0.445677   0.00762342   0.154686
-0.476994   0.450884   -0.0956281
-0.0187401   -0.281794   -0.123789
-0.395167   0.43403   0.154677
0.038965   0.421563   -0.482713
0.380997   -0.401888   -0.0611729
