-0.369886   0.207304   0.208685
-0.430771   -0.486059   0.330497
-0.0540338   -0.131385   -0.0529881
0.0360568   0.473868   -0.247662
0.00867887   -0.0864639   -0.238672
-0.103331   0.466496   0.35806
-0.213974   -0.257955   0.493645
0.142521   -0.396816   -0.461128
-0.266331   0.272077   -0.391582
0.0804548   0.429119   -0.466409
-0.192214   -0.122252   -0.208326
0.253365   0.442812   -0.35252
0.436467   0.451815   -0.0862888
0.0666847   0.338452   0.00372062
-0.077568   0.343047   -0.394898
0.346551   -0.193731   0.0972358
-0.142445   -0.475128   -0.435892
-0.0824059   -0.135999   -0.416334
-0.471007   0.174394   -0.319749
-0.281092   -0.0815288   0.477087
0.114514   -0.00170086   0.253755
0.153522   -0.310421   0.155295
-0.472878   0.285694   0.365504
0.380578   0.149998   0.282789
-0.130342   -0.249988   0.0826369
0.491846   0.241514   -0.0242013
-0.10784   0.380228   0.167389
-0.243216   0.134389   0.0559541
-0.395739   0.149729   0.499109
-0.0376288   0.110232   -0.280575
0.297306   -0.161329   -0.352315
-0.0795094   0.283521   -0.134754
-0.425777   0.0569745   -0.0876778
-0.445826   -0.230366   0.421176
0.292223   0.122423   0.0867749
0.465137   -0.369193   -0.0158025
0.0418347   0.327785   0.323003
-0.456097   -0.143786   -0.132813
-0.220591   -0.222459   0.296789
-0.260338   0.105653   -0.207989
-0.40725   0.422349   0.108106
0.217067   0.0925663   0.441076
0.437548   -0.00807414   -0.49642
0.495791   0.0631787   0.122107
0.384852   -0.246261   -0.202408
-0.315098   0.429141   0.454689
-0.250855   0.100674   0.34471
0.396649   -0.312918   0.495443
0.0363047   -0.446983   0.0383786
-0.0258964   0.206217   0.121029
-0.380322   -0.489371   -0.136033
0.076995   0.2324   0.497299
0.12998   -0.183237   0.0202161
0.428282   -0.106538   0.273405
-0.421879   -0.205566   -0.349246
-0.17905   -0.0736796   0.137249
-0.171954   0.287447   0.416049
0.0142128   -0.151783   0.167884
0.392347   0.49533   0.448995
-0.298176   0.290201   -0.0831221
-0.193498   -0.35526   -0.28513
0.189076   -0.0296633   -0.139695
-0.0979163   -0.0924022   0.383243
-0.0212976   -0.330824   0.398219
-0.424076   -0.252679   0.223388
0.28125   0.297561   -0.0387183
-0.283113   0.385297   0.25593
0.251323   0.455459   0.124609
-0.0456763   0.120721   0.322499
-0.448662   0.33955   -0.207716
0.466187   -0.456042   -0.264505
0.170126   0.26684   0.17672
0.123003   0.176252   -0.124787
-0.0506854   -0.373579   0.193897
0.389843   0.190338   -0.492343
0.402394   0.326644   0.186233
0.0911036   0.024714   0.0508533
0.0747425   -0.0173995   -0.427882
-0.135526   0.0735122   -0.472913
-0.315208   -0.336203   0.0192631
0.0901774   -0.194897   0.486124
-0.158773   0.444819   -0.241692
0.429027   -0.0282969   -0.263889
0.378646   -0.0298048   -0.033359
0.232848   0.0561648   -0.360538
-0.120877   0.0617178   -0.0948496
-0.244747   -0.416468   0.213332
-0.494954   0.393641   -0.421284
-0.0758029   -0.34578   -0.115446
0.239727   -0.0921068   0.361537
0.371522   -0.385546   0.188522
0.229935   -0.318489   0.352653
-0.333073   0.463529   -0.326113
0.336346   0.136748   -0.159687
0.118108   -0.471267   0.283954
-0.00323305   -0.321635   -0.324138
-0.279354   -0.117194   -0.0236052
0.179645   -0.294162   -0.232659
-0.383549   -0.3893   -0.448496
0.359896   0.320764   -0.233804
-0.38601   -0.0439191   0.276842
0.255063   -0.335444   -0.0323947
0.1077   0.28261   -0.31071
0.223538   0.477271   -0.151863
-0.441136   -0.10716   0.0825259
0.280314   0.350549   0.377655
-0.188649   -0.497372   -0.0107726
-0.352168   -0.297865   -0.188948
