-0.28878   -0.354224   -0.585082
2.09335   1.40924   1.73687
0.767056   0.470113   -1.5664
-0.566192   -1.23163   0.755061
0.157532   0.148602   -0.260044
0.687612   -0.289071   -1.93914
0.417572   1.99975   0.333393
0.508994   -0.600504   -0.378974
1.36403   0.668776   -1.95972
2.85538   -0.726855   -1.92909
-0.612078   -2.47179   0.622234
-0.149075   2.05877   -0.87906
-0.200002   1.1974   0.036959
-0.0863694   -0.391234   -0.552525
1.17015   -0.573687   0.270992
0.139733   0.387536   0.473534
0.56738   -1.39935   -0.908154
0.593612   -0.621537   0.195667
0.221905   0.215512   1.35624
0.324447   0.279836   -0.575302
-1.85432   -0.158493   0.726147
-1.33046   0.237299   0.827367
1.96184   -0.198664   -0.675539
-1.62978   0.421482   -1.94471
1.52709   0.412389   1.88141
1.03011   -0.935701   -0.15085
-2.3884   -0.0229679   0.0892244
-1.85182   -1.02816   1.09785
0.252439   0.271357   0.437402
1.56736   0.103042   -1.12123
2.35448   -0.543587   -1.26766
0.574138   -1.02949   -0.179606
-1.99437   -1.1603   -0.948601
0.317588   1.9985   3.02166
-0.437167   1.78817   0.268887
0.499611   -1.39959   -0.401777
2.37576   -0.0457073   0.202097
0.436678   1.29802   1.70365
-0.878723   -1.65244   -0.17557
-0.0867664   0.340465   -0.97665
-1.14124   -1.51306   0.920367
1.50671   -1.09961   1.26692
1.20984   -0.911282   -2.30245
-0.251574   0.583299   2.8259
-1.22289   -1.06488   0.717623
-0.486105   -0.35289   -0.672097
-0.158917   1.08034   0.458967
-1.22253   0.0358195   -0.124232
-0.00364153   -0.467707   0.342266
0.408293   0.11428   0.494131
1.00197   1.735   -1.26517
1.31854   -0.827964   1.28416
-1.37355   -1.65342   0.796349
0.402295   0.861611   1.52645
-1.10465   1.6798   0.112718
-0.113153   -0.0824587   0.149602
-0.969624   0.536687   -0.208667
-1.08882   0.556025   0.423111
0.233653   0.31314   0.383484
-0.573179   -0.722472   -1.43463
-0.359062   -1.00736   -0.0537903
1.49044   1.39654   -0.808285
-0.0544867   -0.285914   0.784354
0.637684   1.5202   -0.0772124
-0.442079   -0.194946   0.851165
1.46808   -0.764754   -0.389105
0.0362814   1.01998   -1.3196
2.30134   -0.0163036   1.27148
-0.0921286   0.966794   -0.0454578
0.264084   -0.702142   0.823763
0.528194   2.38243   0.66894
-0.444237   -0.979552   -1.14827
-0.986202   -0.651571   0.80684
-0.670031   0.757986   -0.6954
0.519356   0.565931   -0.14944
0.604845   0.0110971   -0.571452
0.560238   -0.41906   1.67194
-0.364529   0.352813   -0.80536
-0.36653   -1.9374   -0.809517
-0.843385   0.882586   0.154513
-0.830008   0.295002   0.87366
-1.0772   -1.33254   1.15352
0.390305   -1.37737   -0.477537
1.95906   -0.556224   1.97734
-0.440002   -0.791634   0.290371
0.16796   0.155726   1.36088
-1.16687   -1.15101   -0.278876
-1.5471   -1.289   -0.186728
-0.618209   1.48486   -1.17874
-1.34621   -0.0083247   0.164154
-2.27191   0.492184   0.0934198
-1.26693   -1.82797   -1.20929
-0.735449   0.4983   1.57697
-1.88395   -0.154382   2.08096
0.0360874   -0.668067   -0.487861
1.45231   -0.989349   -0.270636
0.0619635   2.40895   1.6544
-0.089083   1.10089   0.26706
-0.50118   0.679317   -0.804467
-1.25872   2.25994   0.0412858
0.613921   1.57402   -0.0927815
0.197499   0.265003   -0.379418
-0.395425   0.434748   -1.76921
0.255736   0.209624   -0.301421
-0.145148   -1.01859   -1.26839
2.51479   -1.04964   -2.63578
-1.08959   -0.143051   -0.496562
-1.55749   -0.0703147   -2.21217
