-0.276395   0.0297998   -0.211167
0.253562   -0.108777   0.213821
0.226259   0.0885386   0.141344
-0.389967   -0.237669   -0.449261
-0.0318969   0.0182537   -0.0518257
0.128134   0.222932   0.337585
0.418344   -0.0131828   -0.424378
-0.195867   0.230662   0.42049
-0.378087   -0.377952   -0.255559
-0.468939   0.409398   0.132892
0.0912124   -0.474808   0.104345
-0.307365   0.363559   0.308194
-0.352866   0.370523   -0.469972
0.0183187   0.366623   -0.263842
0.00499478   0.22723   -0.0871932
0.424314   -0.244295   0.302412
0.459851   0.425324   -0.247266
-0.497713   0.0427103   0.391207
-0.176519   0.363501   -0.398786
-0.192432   -0.183336   0.331988
-0.0328874   0.300622   0.0890644
0.257204   -0.425867   -0.0757314
-0.0661055   0.334168   0.313884
0.32296   0.0764196   -0.0272185
-0.362728   0.330441   -0.239589
-0.0798383   0.0646063   -0.238609
0.350335   -0.402748   -0.290211
0.0942077   -0.349524   0.245456
-0.158205   -0.0911385   -0.332348
-0.166051   -0.29535   -0.111079
0.149023   -0.0234378   -0.468794
0.420494   -0.028519   0.161789
-0.0542398   -0.319256   -0.276255
-0.293023   0.479436   -0.090464
-0.258731   0.325467   0.101958
-0.144867   -0.496795   -0.213774
-0.179091   0.0207625   0.408049
-0.0457551   -0.465771   -0.435294
-0.353398   -0.129576   -0.0503831
0.108809   -0.0444949   0.0717808
-0.281214   -0.490799   0.140633
-0.011367   0.131323   -0.495162
0.343134   0.216893   0.494569
-0.195473   0.100112   -0.397981
-0.134191   0.252414   -0.240647
0.390628   -0.35302   0.0775784
0.391972   0.234948   0.0869154
-0.42292   -0.290722   0.15026
0.485255   -0.0805263   -0.205582
-0.0651312   -0.46157   0.235305
-0.378139   -0.10875   0.354234
-0.0284962   -0.147928   -0.464284
-0.124897   -0.019819   0.17928
0.348531   -0.317783   0.478338
0.409958   0.180467   -0.295814
0.36558   -0.160096   0.00822097
0.0583978   -0.405465   -0.11272
-0.427072   0.195662   0.181287
0.125243   -0.248053   -0.380818
0.287673   0.344542   -0.340862
0.325829   0.135423   0.306369
0.144516   -0.418   0.448571
-0.0883906   -0.313774   0.450123
-0.447393   0.291726   -0.021885
-0.183977   -0.179139   0.0542097
0.131003   0.413551   -0.0862571
0.0303821   -0.135105   -0.205898
0.16083   0.202594   -0.408862
0.311979   0.44479   0.438788
0.169829   0.198665   -0.199748
0.203038   -0.290214   0.0614802
-0.338691   -0.163307   -0.250294
-0.164813   0.490569   0.400178
0.441492   -0.227629   -0.336663
0.165965   -0.44187   -0.301645
0.43886   -0.292241   -0.119091
0.490019   -0.499295   -0.0826439
-0.324806   -0.330239   0.336569
-0.376966   0.187816   -0.389724
0.196568   0.254509   0.0358972
-0.445403   0.0997902   -0.00388235
0.302364   0.42639   0.0570351
-0.363672   -0.0282594   -0.409619
-0.352704   0.00887908   0.176663
0.133889   0.373069   0.499814
0.283452   -0.440238   0.253171
0.017038   0.125976   0.189581
-0.201164   -0.311121   0.19198
-0.245861   0.0318903   0.00618271
0.146795   -0.203551   0.392005
0.189982   -0.0348424   -0.131481
0.480988   -0.482994   -0.463247
-0.219139   0.152585   0.194724
0.186888   -0.273896   -0.168409
-0.290604   0.198458   -0.0908383
-0.242997   -0.40174   -0.410078
-0.139915   -0.442243   0.0259475
0.121669   0.416937   0.288372
0.265899   -0.119284   -0.286956
0.0781199   -0.00315927   0.316244
-0.350435   -0.327934   -0.0149933
-0.484224   -0.443042   0.300573
-0.0411183   -0.181404   0.216776
0.364598   0.299767   -0.10952
0.294651   0.339322   0.246767
0.00269998   -0.273812   0.0210886
0.325876   -0.0999229   0.407853
0.494531   0.315242   0.354763
