1.24632   1.11107   1.88327
0.122359   -0.543097   -0.445356
-1.67066   0.587842   1.15016
-1.83616   -1.45234   0.0539437
-0.69689   -0.582167   0.737534
1.09696   0.0584267   1.30039
-0.500353   -0.945782   -0.0964643
-1.63884   0.321984   -0.345392
-0.129577   0.373658   -0.579135
0.472677   0.253316   -0.914647
-0.706353   -0.740588   -0.765244
1.34547   -1.10294   -1.57145
-0.720307   1.07879   -0.231489
0.615446   1.49834   1.63909
-1.03121   -0.0511653   0.965419
0.910731   0.904552   1.67099
-1.4555   2.63794   -1.60733
-0.652075   -2.08468   -0.410425
1.29109   1.26684   -0.0125396
0.271474   2.12869   -0.0876241
0.265712   -0.516117   -0.162877
-1.2008   0.93662   -0.969542
0.0484664   -0.60182   0.74618
-1.52463   1.75711   -1.59704
0.0752295   -0.458246   0.695952
-0.465026   1.1692   -1.80101
-1.09137   -0.0782382   -0.206111
1.5247   0.606696   -0.658376
0.625731   1.14097   1.91063
-0.739389   -0.968087   0.44167
-1.32871   -0.807295   -0.433954
0.488367   0.0949453   -0.940974
-0.848251   -0.820337   0.261376
-0.0208548   -1.99692   0.170508
-0.067184   -0.608642   0.940618
1.28771   -0.0892101   -0.619892
-2.02893   0.0376809   -0.308622
-1.20244   -0.14973   -0.608849
-0.737446   0.113276   0.518182
-1.82161   -0.590564   0.2719
-0.0305364   0.788706   0.107786
0.203921   -0.287227   -0.115502
-0.093728   0.652462   0.358205
2.01091   1.21124   1.10112
1.11736   0.202763   0.570336
-0.460577   -0.0374323   0.194968
0.954626   -1.18965   -2.22355
0.0449438   -1.82525   -1.04352
-0.137663   1.96035   -0.046248
-0.45862   -0.779073   0.178343
-0.873558   0.609927   0.264788
-0.123169   -0.697495   -0.183725
-0.44809   -1.13941   0.715958
0.238944   -0.00615984   1.4184
-0.832205   -0.887119   0.0911138
1.5295   0.0220325   1.03706
0.841933   -0.419728   -0.760014
1.78616   -0.220823   -1.5015
-0.552671   1.27833   -0.0820533
-2.03505   1.36114   -0.834879
0.155939   0.161833   -0.0371545
-0.410922   -0.696354   0.897946
-0.398672   -1.373   1.09436
1.67437   1.47644   -1.33511
-2.58125   -0.599584   0.13895
1.48339   -2.25989   -0.920101
-0.884125   -0.402503   3.26375
1.03619   0.804263   -0.721897
0.0382963   0.706463   -0.166492
-0.227644   -0.884212   -2.41347
-1.47913   1.59169   1.13381
2.33956   1.49267   0.445882
0.342364   0.422535   0.753809
-0.97096   -1.79333   -1.05666
-1.51335   -0.363703   0.392289
1.29879   0.260093   1.00999
1.41806   2.71076   -1.09006
0.367609   0.144105   -0.893749
0.0894956   -0.572486   0.547313
0.427119   -1.64976   0.513209
0.434566   -0.501283   -1.17884
-0.298634   -0.114498   0.606627
0.240623   1.10465   1.38513
-0.556842   -0.0341892   1.79538
0.529543   -0.562964   -1.22745
0.505985   -1.58811   -0.302869
0.06792   0.539219   -1.25332
2.06919   0.530336   1.4234
-1.95032   0.187506   1.01523
-0.0192569   0.982182   -0.748993
1.47288   -1.92516   -0.546525
-0.0446392   -0.500035   -2.67739
1.29202   -0.899896   0.830488
2.13162   -1.87672   0.0658973
0.527016   1.52722   2.18679
-0.0955191   0.611929   -1.18104
-0.324484   0.0401036   -0.240762
0.841342   -1.40266   0.567116
-0.304631   -0.110772   -0.112211
1.41184   0.975577   0.16397
-0.795617   1.22681   1.20884
0.54321   0.0184198   0.0642278
-0.514462   -0.754781   -2.21014
1.91764   0.221053   0.7115
-0.992285   -0.489844   -1.50391
0.826692   -1.98087   -0.104026
-0.656614   1.97238   0.115124
-0.720191   0.140796   0.360596
