-0.434294   -0.035117   -0.201775
-0.256835   0.139431   -0.196714
-0.437078   0.134076   -0.0327843
-0.263963   -0.0401262   -0.0337571
-0.0896614   -0.0636462   -0.197078
0.0754509   0.144254   -0.222993
-0.0831083   0.122642   -0.0568046
0.100194   -0.0147522   -0.0560318
0.28791   -0.0308038   -0.222488
0.423461   0.160271   -0.198068
0.258842   0.150927   -0.0604542
0.413017   -0.0293969   -0.0275646
-0.415821   0.324097   -0.20873
-0.269028   0.466228   -0.186869
-0.42693   0.472749   -0.0366698
-0.258795   0.273772   -0.0357672
-0.0973311   0.318244   -0.191335
0.0785627   0.47032   -0.206144
-0.0789212   0.480811   -0.0407499
0.082378   0.313948   -0.0485625
0.260574   0.324412   -0.201052
0.405375   -0.499656   -0.205777
0.242333   0.497952   -0.0256712
0.421612   0.323361   -0.0395627
-0.39809   -0.370525   -0.207639
-0.272715   -0.189483   -0.204127
-0.430587   -0.195011   -0.0415155
-0.250439   -0.368211   -0.0336925
-0.0775515   -0.346445   -0.176037
0.0873187   -0.205062   -0.22159
-0.105815   -0.177856   -0.0174666
0.0749222   -0.36047   -0.0251157
0.236077   -0.347242   -0.202204
0.41411   -0.211852   -0.20374
0.239739   -0.18955   -0.0431478
0.410366   -0.365409   -0.0406992
-0.43097   -0.0514604   0.14926
-0.244344   0.123831   0.115013
-0.413485   0.138227   0.289457
-0.260948   -0.0386604   0.296704
-0.0901524   -0.0338012   0.134134
0.0756848   0.141647   0.133758
-0.0797556   0.129102   0.313488
0.0798372   -0.0105611   0.306016
0.243272   -0.0217391   0.120381
0.399725   0.15169   0.12924
0.256611   0.140475   0.294727
0.409641   -0.0337135   0.304978
-0.405924   0.279659   0.117336
-0.246546   0.441128   0.127184
-0.42041   0.466132   0.285211
-0.247746   0.282657   0.281025
-0.0850201   0.284776   0.132908
0.0885275   0.476407   0.128385
-0.0743466   0.46301   0.261715
0.0773399   0.300271   0.311646
0.252115   0.315389   0.137976
0.411976   0.486802   0.134175
0.239369   0.469889   0.311173
0.403692   0.296753   0.285897
-0.394881   -0.361701   0.140072
-0.253968   -0.180085   0.135848
-0.42466   -0.205278   0.314754
-0.269561   -0.351998   0.312968
-0.107671   -0.344911   0.139488
0.091708   -0.184277   0.129961
-0.0886459   -0.192883   0.314856
0.0857525   -0.364833   0.291548
0.234519   -0.32793   0.114249
0.405982   -0.196015   0.137454
0.254428   -0.176159   0.299325
0.42142   -0.374473   0.301821
-0.426701   -0.0145224   0.458644
-0.256201   0.147481   0.469989
-0.413636   0.146861   -0.368917
-0.261132   -0.0220641   -0.361097
-0.0801196   -0.022928   0.453729
0.0747784   0.152314   0.482142
-0.0875433   0.154156   -0.366529
0.0801524   -0.0241695   -0.36475
0.247237   -0.0277916   0.478724
0.409548   0.142331   0.466303
0.255366   0.124748   -0.373616
0.434501   -0.0216296   -0.372728
-0.417713   0.317019   0.453251
-0.243319   0.464359   0.435551
-0.415533   0.485462   -0.384139
-0.268196   0.307552   -0.372979
-0.0926735   0.316774   0.469548
0.0869431   0.477182   0.457952
-0.120323   0.461272   -0.35968
0.0910257   0.312648   -0.364818
0.249142   0.306973   0.464723
0.406716   0.480578   0.458003
0.24853   0.460395   -0.387685
0.426356   0.317473   -0.361021
-0.430426   -0.360367   0.455827
-0.258181   -0.190044   0.473692
-0.429436   -0.204037   -0.357593
-0.24558   -0.360519   -0.382307
-0.0775421   -0.373137   0.434225
0.0829145   -0.19517   0.455633
-0.0865856   -0.192395   -0.373652
0.0389341   -0.392309   -0.38352
0.24568   -0.352293   0.487651
0.422082   -0.2004   0.476635
0.258527   -0.18913   -0.37046
0.412775   -0.362858   -0.372963
