-0.478842   0.435498   -0.464664
-0.311554   -0.420257   -0.451276
-0.479285   -0.385669   -0.31144
-0.302192   0.438928   -0.286596
-0.146605   0.427298   -0.470313
0.00715998   -0.401289   -0.470497
-0.151119   -0.402471   -0.291479
0.011102   0.422647   -0.296428
0.185307   0.444372   -0.459912
0.356245   -0.404943   -0.466397
0.200809   -0.405866   -0.300929
0.346575   0.407729   -0.306551
-0.488274   -0.246215   -0.487805
-0.318534   -0.0763686   -0.467258
-0.488791   -0.0705329   -0.306819
-0.30781   -0.241123   -0.319785
-0.130688   -0.237974   -0.484844
0.0327337   -0.0612117   -0.473068
-0.139762   -0.0752849   -0.327843
0.0126538   -0.236319   -0.312424
0.178949   -0.228181   -0.479392
0.337531   -0.0631622   -0.465412
0.176659   -0.0634702   -0.304516
0.335126   -0.226683   -0.314829
-0.486004   0.112106   -0.476024
-0.320704   0.257069   -0.469378
-0.478434   0.267179   -0.299242
-0.332509   0.0879344   -0.288779
-0.156691   0.112715   -0.468809
0.0229478   0.276873   -0.47022
-0.144238   0.264799   -0.305729
0.013427   0.0964897   -0.282761
0.183182   0.104885   -0.460208
0.335938   0.275167   -0.475961
0.163687   0.259505   -0.302343
0.353391   0.110083   -0.318492
-0.482719   0.420214   -0.137012
-0.319119   -0.401767   -0.131924
-0.487235   -0.402804   0.0178589
-0.302519   0.445571   0.0336744
-0.153215   0.426151   -0.136659
0.00451829   -0.391968   -0.118758
-0.16479   -0.388461   0.0295823
0.0275334   0.457462   0.035842
0.166409   0.445942   -0.151119
0.343073   -0.396372   -0.135361
0.197579   -0.382517   0.0322663
0.336218   0.437336   0.0248721
-0.487252   -0.233504   -0.165609
-0.328817   -0.0799982   -0.148669
-0.477051   -0.0469253   0.0276351
-0.33639   -0.228819   0.0293304
-0.14531   -0.2141   -0.152358
0.0196608   -0.062666   -0.14054
-0.154361   -0.0721479   0.0292256
0.025048   -0.231206   0.019763
0.180438   -0.219682   -0.147861
0.367707   -0.0739424   -0.129159
0.185182   -0.0515953   0.0194193
0.371035   -0.227761   0.0117468
-0.494518   0.102719   -0.147836
-0.319204   0.274378   -0.143064
-0.459746   0.284193   0.045473
-0.295931   0.110085   0.0112645
-0.132956   0.0854733   -0.129564
0.0240903   0.27214   -0.127903
-0.132912   0.276763   0.0273568
0.00858805   0.106014   0.0276248
0.174213   0.102578   -0.148192
0.331922   0.270102   -0.130321
0.161935   0.280609   0.0384715
0.335683   0.104887   0.0136666
-0.468347   0.455966   0.199934
-0.306667   -0.376577   0.197307
-0.495155   -0.394565   0.35945
-0.32087   0.431584   0.370895
-0.144719   0.456893   0.196527
0.0287097   -0.385943   0.190357
-0.148443   -0.407667   0.378749
0.0227724   0.4457   0.361147
0.188601   0.428666   0.198168
0.359867   -0.410018   0.193077
0.184319   -0.401792   0.351393
0.343949   0.436923   0.367917
-0.484749   -0.225893   0.20468
-0.305232   -0.0520825   0.195723
-0.471869   -0.0660966   0.358111
-0.30104   -0.233442   0.37264
-0.128877   -0.236067   0.188489
0.0276759   -0.060348   0.199057
-0.15257   -0.0547216   0.365926
0.026849   -0.222986   0.356117
0.196069   -0.230891   0.191509
0.33953   -0.0620903   0.189034
0.17555   -0.0584133   0.371209
0.358221   -0.229234   0.348676
-0.499266   0.108944   0.191541
-0.289715   0.276485   0.18222
-0.489045   0.276521   0.337333
-0.314758   0.107777   0.351363
-0.159966   0.0963787   0.183625
-0.00123011   0.280361   0.207117
-0.158081   0.257077   0.363955
0.00552924   0.0980278   0.353436
0.170517   0.103217   0.185923
0.345973   0.272747   0.180111
0.178507   0.267739   0.339932
0.349963   0.102028   0.368148
