0.0910051   0.21428   -0.205689
0.480036   0.302712   0.428671
0.0874007   -0.00233668   0.0687386
-0.409468   0.328065   0.223955
-0.153134   -0.0505245   -0.164138
0.213885   0.371211   -0.338505
0.139182   -0.030875   0.377347
-0.1072   0.338301   0.209833
0.45999   -0.330917   -0.230123
-0.117132   0.280227   -0.179261
-0.457964   0.341496   -0.0599798
0.220873   -0.155038   0.0854667
-0.0855251   0.36852   0.468694
0.424269   -0.136699   0.45683
0.190215   -0.0309164   -0.339963
0.300845   -0.109752   -0.143576
0.443743   0.151624   -0.0504235
-0.451109   -0.48186   -0.132081
0.327895   0.367506   -0.135084
-0.356418   0.0527414   -0.234387
0.286517   0.133701   -0.198135
-0.479081   0.109969   0.129571
-0.21943   0.240197   0.0602726
-0.475312   0.464312   -0.441802
-0.246252   -0.439481   0.46368
0.369061   -0.278139   0.0391746
0.494867   -0.0566372   -0.0828042
-0.0102553   -0.214137   0.407994
0.214647   0.175976   -0.384385
-0.499948   0.0980279   0.390047
0.065576   0.459221   -0.144851
-0.170784   -0.0431461   -0.365409
0.205288   -0.452972   0.272615
0.163485   -0.201973   0.276262
-0.10135   0.466882   -0.306379
0.00334402   0.297241   -0.368438
-0.289258   0.439492   0.0561359
-0.368637   -0.0870582   -0.436333
0.445797   -0.0979835   0.13993
0.0869871   0.403123   0.070895
-0.33935   0.0403145   -0.0363121
0.350173   -0.268193   0.289396
-0.427604   -0.0759017   0.326675
-0.100793   0.404558   -0.0397363
-0.459157   0.159489   -0.429248
-0.106349   -0.467344   0.146225
0.311197   0.0867294   0.0923025
0.334199   -0.186135   -0.356435
0.300786   0.423741   0.441391
0.00644657   -0.232171   0.121005
0.0232752   -0.372127   -0.2465
0.392923   0.408868   0.25477
-0.00778938   -0.407434   -0.0198692
0.307495   0.301355   0.0711637
-0.282475   0.361274   0.40082
-0.345995   -0.214297   -0.162134
-0.0341032   -0.349517   -0.439999
-0.0402632   -0.194683   -0.059531
-0.313304   0.246145   -0.16452
0.272796   0.49235   0.0694863
0.0744646   0.429413   0.363297
-0.137207   -0.0307805   0.0363444
-0.350963   0.141864   0.277622
-0.066901   0.126792   -0.308982
0.213624   -0.342511   -0.365411
-0.218388   -0.274396   -0.419156
-0.224642   -0.42391   -0.139284
-0.414409   -0.292593   0.00855834
-0.0300013   0.019414   0.499185
-0.445502   -0.28715   0.233471
0.130116   -0.175116   -0.461481
0.356725   0.00981578   0.289107
-0.298376   0.430093   -0.33438
0.373025   0.0616481   -0.446553
-0.0308617   -0.0402946   0.255952
-0.3784   -0.229611   0.424039
0.38838   -0.352314   0.487952
-0.301771   -0.45481   0.251815
-0.217264   0.237243   -0.427202
0.141868   -0.202871   -0.16755
-0.463385   -0.266783   -0.38928
-0.469164   -0.482971   0.112455
-0.171776   -0.124925   0.438661
0.384066   0.302877   -0.389139
0.466651   -0.0113977   -0.288961
-0.0319155   -0.169557   -0.327529
0.0367174   0.203083   0.17604
-0.200741   -0.277415   0.300931
0.0603999   0.0194094   -0.151619
0.0992803   0.189273   0.399708
0.0721145   0.472373   -0.442347
0.415294   0.201475   0.244372
0.201922   0.332187   0.271823
-0.319596   -0.0608925   0.152185
0.144479   0.191318   -0.00727729
0.304112   0.209401   0.416018
0.160552   -0.344253   0.435573
-0.292673   0.0514213   0.462692
0.153269   -0.353679   0.0948745
-0.0503998   0.138863   -0.0334708
-0.498694   0.228777   -0.236553
-0.0922775   0.163876   0.377266
0.365486   -0.488867   -0.279327
-0.226754   -0.351637   0.0500071
-0.162876   0.101718   0.19709
-0.476202   -0.471494   0.376927
0.00826145   -0.375858   0.282134
0.262564   -0.403524   -0.112017
