0.487377   0.479523   0.490119
-0.334581   -0.331555   0.496893
-0.484285   -0.356161   -0.334287
-0.340152   0.490622   -0.333232
-0.151228   0.496817   0.493237
0.00374236   -0.333129   -0.499109
-0.139895   -0.329468   -0.326109
0.00595981   0.494243   -0.34306
0.164077   0.486365   0.48647
0.322589   -0.338428   -0.474124
0.158111   -0.335337   -0.330523
0.33459   0.485892   -0.321939
-0.492313   -0.184425   -0.486347
-0.331296   -0.0178723   -0.498452
-0.485029   0.00599821   -0.329153
-0.319908   -0.169538   -0.33735
-0.162368   -0.169987   -0.492725
-0.00396738   0.00874035   -0.485884
-0.165039   0.00960797   -0.324005
0.00416201   -0.174954   -0.336818
0.171591   -0.161446   0.49067
0.350411   -0.0129748   0.485922
0.163053   0.0224341   -0.314924
0.325826   -0.157827   -0.334657
0.490606   0.175196   0.495395
-0.329801   0.330404   -0.49741
-0.493356   0.315356   -0.333106
-0.323114   0.16445   -0.349449
-0.171875   0.163489   -0.496785
-0.00457055   0.320238   -0.484511
-0.175534   0.336753   -0.3436
-0.00207569   0.155481   -0.324153
0.17739   0.150551   0.496959
0.334033   0.338036   -0.491788
0.168333   0.315647   -0.327878
0.340535   0.162948   -0.330861
-0.486094   0.495665   -0.166518
-0.323424   -0.319455   -0.168826
-0.497792   -0.325065   0.000191539
-0.352058   -0.494289   0.001284
-0.173316   -0.490009   -0.171719
0.00140681   -0.320046   -0.15897
-0.158938   -0.31029   -0.00130735
-0.0151178   -0.492551   -0.00773372
0.158701   -0.492037   -0.173585
0.330639   -0.331526   -0.183725
0.169455   -0.333675   -0.000823343
0.333457   -0.482864   -0.00688592
-0.482255   -0.176061   -0.191116
-0.326036   0.00860545   -0.166697
-0.496505   -0.00220812   0.0100131
-0.324763   -0.157737   -0.013166
-0.160821   -0.154862   -0.178208
0.00288947   -0.00739954   -0.177977
-0.174946   0.0197878   0.00455988
-0.00838583   -0.167349   0.00910751
0.163079   -0.174465   -0.17877
0.35438   0.0050777   -0.171029
0.17363   -0.0178503   -0.012704
0.331081   -0.185727   -0.0284529
-0.498563   0.157812   -0.141543
-0.350302   0.320185   -0.185251
0.498212   0.348737   0.0153709
-0.34275   0.16472   0.0252955
-0.177006   0.181473   -0.167363
0.00275282   0.33498   -0.176336
-0.177846   0.334682   -0.00635588
-0.0144787   0.186016   -0.00533753
0.181306   0.175618   -0.158531
0.347394   0.329079   -0.150846
0.145639   0.338457   -0.018337
0.329884   0.181236   0.0159741
0.486052   -0.485453   0.176423
-0.339562   -0.346648   0.187681
0.494419   -0.322288   0.337422
-0.337746   -0.492054   0.335294
-0.175415   -0.488036   0.147173
0.00859552   -0.332129   0.165572
-0.160558   -0.338068   0.322104
-0.00816187   -0.472459   0.323329
0.185018   -0.496624   0.170389
0.326949   -0.318482   0.170324
0.16594   -0.333267   0.329327
0.339217   -0.485123   0.339342
-0.486374   -0.166945   0.161693
-0.317362   -0.00835737   0.166018
-0.481355   -0.0270783   0.34128
-0.306154   -0.157433   0.331574
-0.169373   -0.168619   0.17722
-0.0126918   -0.00374209   0.171517
-0.162866   0.00481349   0.353011
0.0113154   -0.170409   0.330855
0.151639   -0.152601   0.153475
0.324796   0.0107469   0.165883
0.156807   -0.000498895   0.320861
0.325876   -0.183092   0.338984
0.487418   0.139244   0.17742
-0.334777   0.343304   0.186118
0.483363   0.315492   0.333268
-0.331935   0.150666   0.335332
-0.174853   0.169979   0.17228
0.00145232   0.352179   0.151216
-0.164795   0.332693   0.338331
0.00221018   0.160075   0.334581
0.153569   0.166111   0.151816
0.326314   0.330383   0.160961
0.144332   0.32672   0.336035
0.314191   0.164641   0.338787
