-0.563572   -0.0965045   0.170776
0.0157121   1.55197   -1.24755
-1.1967   -0.351893   -0.710648
-1.42486   0.14515   -0.067155
1.4033   -1.09708   0.52119
1.06757   1.29217   0.0385076
0.485284   1.6575   0.733487
-1.37507   -0.231034   -1.17949
-0.207669   -0.361922   1.11718
-1.3341   0.120367   -0.602251
1.02874   0.569346   0.315627
-0.483826   -0.561269   -0.432553
-0.939617   0.351393   0.381238
0.793218   -0.0663748   -1.06254
-0.290254   1.34737   0.743394
-1.22937   -0.96045   1.29907
-0.456257   -0.608184   -1.09447
0.99353   -0.507533   -0.317347
0.276057   1.7011   -0.436061
-0.751399   -0.83709   -0.271386
0.695293   0.941526   0.716262
0.0618399   0.454795   0.140327
-0.565556   0.830891   0.450168
-0.267831   -0.553735   0.427055
-1.07683   0.856984   -0.644057
1.46207   -1.32354   0.308889
1.85395   0.319834   -0.161202
0.906282   0.212955   1.15124
1.79714   0.421045   0.991729
-0.735144   -0.185782   -1.13403
0.42308   -0.544778   -0.121178
-1.52522   -0.898067   1.63701
-0.692734   0.433112   -0.754079
0.958485   0.403514   0.88887
-1.10214   -0.708675   1.66135
-0.687894   0.69701   2.33953
0.176477   -1.69389   0.345028
1.11476   0.514956   0.820015
-0.168835   0.014007   -0.751195
0.0402046   -2.15439   -1.82483
-0.981536   0.195176   -0.193941
0.432282   1.2767   -0.0243207
0.34376   0.44525   0.288531
1.29795   -0.0519385   0.52428
0.41304   -0.598976   1.46243
0.714342   0.845019   -0.628924
-0.52995   1.38682   -0.764148
1.06126   -0.101105   -0.973839
0.816189   0.686121   1.86453
-0.725631   0.992843   -0.449149
-1.40986   2.19141   -0.538424
-0.948307   -1.00418   -1.77197
0.985336   -1.78693   0.859684
-1.44575   0.448122   -0.248207
2.03701   -1.13429   1.22713
-0.464514   0.142844   -0.20478
-1.69674   -0.565318   -0.692512
-0.243032   -1.44686   -0.908773
0.0552063   -1.03421   0.116772
0.305424   -0.473534   1.93122
0.72786   0.275   0.0200849
0.538101   0.306667   1.37493
-0.922455   -0.925164   0.586606
-1.63603   -0.209652   -0.364925
0.283469   -0.808867   1.42791
0.526104   -0.201778   -0.786707
0.761254   0.261941   0.898278
1.63666   1.49683   0.149297
-0.134604   0.902172   -0.122523
0.896619   0.0400408   -1.25001
-1.52672   -0.116485   1.61866
-0.182612   2.06422   0.837984
-0.812384   -0.840385   0.229831
1.80047   -0.0199539   0.731907
0.882673   0.473764   0.257149
-0.298015   -0.36935   -0.86254
0.933408   -1.12206   -0.184028
-1.07735   0.215246   0.617346
0.779801   1.33656   -0.795933
-0.149178   -0.43159   -1.20208
-0.56584   0.336467   -1.32182
0.132183   0.153052   1.23247
-0.321007   0.833191   0.696958
-0.425359   -0.446277   0.15481
0.256402   -1.13399   -0.719317
0.868028   -0.804725   0.658651
-1.19584   -1.59394   0.284045
0.162015   -0.675457   -0.626765
-0.104257   -0.0928027   -0.858083
0.625987   0.257394   0.605867
1.21576   0.0466536   -1.77886
1.17553   -0.234564   -1.35056
0.231769   -0.601756   -1.11968
0.341486   1.03968   -1.54028
-0.446153   -0.268142   1.18221
-0.588268   -0.147352   -1.71004
-1.7229   1.34037   0.799881
-0.923961   -0.514426   1.15552
-0.497374   0.607622   0.0212887
0.445676   -0.846864   -2.34115
0.933561   0.3851   -1.23699
0.71862   0.253173   0.634778
1.83688   -0.0243134   -0.446497
1.005   0.250999   1.62573
-1.88522   -0.220158   -0.754405
-1.66162   -1.02477   -1.05218
-0.0112953   0.320426   -0.259736
-1.12147   -1.02954   -0.378613
