-0.100801   0.12791   0.446753
-0.108694   -0.370748   0.0972525
-0.40629   -0.413258   0.0401013
0.23608   0.325949   -0.436611
-0.47018   0.165399   0.358667
-0.22093   -0.314555   0.343092
0.244252   -0.451904   -0.436198
0.0254867   0.0840448   -0.00244964
0.400616   -0.387921   -0.0289374
0.00222878   -0.402955   0.0647486
0.423822   0.0826412   0.420064
0.0356668   -0.205228   0.250115
-0.383113   0.246023   -0.366045
-0.440816   -0.140169   0.200628
0.268454   -0.299986   -0.35576
-0.105189   0.237018   0.455688
0.392443   0.381655   -0.185402
0.414475   -0.442468   0.266336
-0.475416   -0.163785   -0.462282
0.47475   -0.154392   0.427
-0.181922   -0.151323   -0.187799
-0.490721   0.449304   0.197812
-0.0112273   0.381883   0.270288
0.173269   0.256097   -0.0722202
-0.486408   -0.110719   -0.286629
0.180571   -0.137784   0.454002
-0.166706   -0.0618291   0.110192
0.179382   0.459642   -0.403055
0.393161   -0.0481219   -0.0365921
0.165696   0.463849   0.150218
-0.176049   -0.370959   -0.465815
0.345852   0.100035   -0.10435
0.0230222   0.394155   -0.0800945
-0.398141   0.313849   0.143729
-0.105298   0.132203   0.0399361
-0.223034   0.0941787   0.336423
-0.134585   0.39141   0.400737
0.182122   -0.367924   -0.090162
-0.441287   -0.454973   -0.035676
-0.289227   -0.439269   -0.0970979
0.307142   0.301205   0.365756
0.328262   0.289758   -0.445377
0.0741216   -0.395115   0.181054
-0.0330103   0.461391   -0.0548632
-0.375325   -0.1091   0.323665
-0.298026   0.362917   -0.260801
0.191767   0.306666   -0.190313
0.126711   -0.387501   -0.442968
-0.0639928   0.452488   0.198365
-0.189161   -0.437176   0.156709
0.28192   -0.0131519   -0.14896
-0.12369   0.434412   0.330035
0.238559   0.233571   -0.494701
0.0170137   0.175012   -0.387121
-0.291755   0.0408932   0.313013
0.198085   -0.0496608   0.397943
0.441996   0.159508   0.106755
0.087021   0.4208   -0.307441
-0.169839   0.193748   0.128391
0.406223   0.368318   0.410265
-0.350316   0.425008   0.118844
-0.200855   0.284614   0.194781
-0.120736   0.421758   0.132779
-0.362481   -0.343276   -0.496243
-0.254054   -0.397394   0.419524
-0.128956   -0.053122   -0.182925
-0.0468287   -0.0907245   -0.202127
-0.090557   -0.0381005   -0.412652
-0.253946   -0.361805   0.21284
-0.0440282   -0.364207   -0.214814
-0.415727   0.010131   -0.363774
0.0143965   -0.478273   -0.149579
-0.481115   -0.192498   -0.0879218
0.314021   0.0243013   0.416295
0.000155386   -0.363468   0.148768
0.356951   -0.106385   0.465568
-0.172967   0.382317   0.296006
-0.106424   -0.428252   -0.137202
0.204255   0.391132   -0.4881
0.305129   -0.227973   -0.304742
0.0482091   0.479906   -0.0424413
0.0593752   -0.341043   -0.480138
-0.48036   -0.485328   0.280077
-0.455898   -0.100144   0.312698
-0.0787469   -0.197375   -0.177602
-0.191457   0.168215   -0.390072
0.471561   -0.352051   0.356271
0.311477   -0.300638   0.327591
0.214461   -0.269806   -0.486426
-0.393617   0.352907   0.326824
0.380818   0.425416   -0.012036
0.327476   -0.244217   0.152829
0.00138522   0.015787   -0.155458
0.448422   0.218265   0.0403188
-0.298154   0.215066   -0.440214
0.369788   0.483851   -0.14316
-0.142438   -0.136267   -0.352404
-0.0856468   -0.316854   -0.094606
-0.416861   0.473798   -0.344249
0.00148955   -0.34413   -0.0649083
-0.171138   0.289789   0.0334696
-0.464049   0.0824366   0.273366
0.369022   0.0900492   0.235326
0.312081   0.275628   -0.0726642
0.0482484   -0.41937   0.00480053
0.490657   -0.199064   -0.00708304
0.421081   0.121219   -0.44776
-0.162438   -0.485783   0.482309
