-0.265889   0.641939   -0.975343
0.405263   0.465281   0.0467416
1.48561   0.782608   0.0613262
0.317314   0.248083   -0.218413
-0.693987   1.24578   -0.210041
-0.760065   -0.143943   0.542719
0.527454   -3.41866   -0.652939
-0.578367   -0.510596   -2.42722
-1.2827   0.962305   1.08288
0.906856   1.3906   0.0151087
0.660768   0.602072   -0.435112
0.401613   0.80169   -0.297492
2.64031   -0.421164   0.320386
0.364701   -0.087532   0.601305
1.36315   -0.724141   0.413033
-1.80151   -0.0552867   -0.105603
-0.608627   0.474386   -0.121185
-1.29182   -0.210399   -0.342277
-0.101449   0.383778   -1.87375
1.48618   -0.111218   1.24431
-2.18744   -0.634451   0.938957
0.872682   -2.28347   -0.0824896
-0.868178   0.881975   0.845776
1.75748   -0.264835   -0.655057
-0.0721612   1.88558   0.467844
-0.619376   -1.00049   0.574547
1.48676   0.400233   0.533498
-0.165335   -0.665147   0.782967
-1.26047   0.44404   0.542118
-1.23235   -0.8581   -2.91771
0.327283   1.48027   -2.58885
-0.705877   0.57546   -0.846792
1.31082   0.153444   -0.516429
2.14778   -0.464768   -0.70507
0.376235   -0.678927   2.12775
-0.245403   0.815826   -0.632755
1.99248   0.894123   -0.539075
1.68412   -0.553925   -0.102278
-2.0164   0.145342   -0.867797
0.668159   -1.73231   -0.568827
-1.16661   -0.800207   0.239203
-1.45336   -0.574763   0.640046
0.988444   -0.834316   -0.267954
0.0661289   1.3786   0.730451
1.74587   -0.796147   0.0856717
-1.81038   0.440541   -0.360715
-1.30684   -1.13099   -0.840734
-0.730276   0.0172022   1.1275
-0.0972716   -1.99479   -1.70655
-0.934092   0.00608669   1.2439
-0.49279   -1.04315   -1.18018
-0.0566572   0.364445   -0.414675
2.26545   0.185435   -1.09104
0.0721965   0.311224   1.21618
0.314226   1.55735   0.70304
-2.698   -1.32341   -0.0473071
-0.870052   -1.57281   0.920224
-0.636002   0.062282   -0.00689829
-1.10299   -0.753259   0.282664
1.99034   1.75314   -0.698144
-0.744177   0.725507   -1.64359
0.53762   -0.0433577   0.0355293
-0.311039   0.603897   -0.0566326
-0.128367   0.000513555   -1.36028
-0.601416   -1.05285   1.88736
1.72598   -0.150105   1.65726
-0.0258779   0.464725   2.06821
1.02037   -1.17108   0.19308
-0.842547   1.21439   -0.574293
1.0857   -0.119182   -0.316082
1.1158   3.61657   1.13412
-0.667579   1.12196   -1.42
-2.97508   -0.131999   1.38853
1.84788   -0.234323   -0.197564
0.655858   0.329096   0.387861
-0.724709   -0.0724198   -0.180892
-2.56308   -0.322554   0.684279
-1.35559   0.667841   -1.08863
-1.42459   -0.332532   1.71561
-0.194781   -0.874   -1.92765
-0.316718   0.306626   0.271693
0.380278   -1.30964   -0.0257776
-0.378743   -0.521076   1.60416
0.259974   1.99344   -1.00583
0.397338   -0.20138   1.49602
1.04331   -0.861205   -0.269447
-0.240568   0.0565288   0.201917
0.271496   -0.270139   0.0608032
0.503783   0.286206   -0.255882
-0.625245   -0.734053   1.49152
1.58338   -1.33753   0.239321
-0.196311   1.08046   -0.494389
-1.17063   1.24271   -0.591357
-1.58789   0.37796   0.0173369
0.964778   -2.13926   -2.00042
0.378637   -0.761427   1.84745
0.641686   0.620355   2.0793
0.487264   1.79109   -1.44135
-1.17829   -0.412413   -0.376051
0.236424   -0.723224   -0.389818
0.386059   0.950387   1.44128
0.284325   0.0336393   1.5522
-1.03961   0.0103609   -0.532119
3.03053   0.41613   0.266023
-1.33471   -0.383024   0.694612
-0.530738   -2.36938   -0.927567
1.68466   0.3402   -1.11898
0.122225   2.16966   0.74568
