0.23681   0.0886903   -0.350078
-0.0872538   0.41871   0.483582
-0.211413   0.0198975   0.364287
-0.0625206   -0.470635   0.172921
-0.17309   -0.345283   -0.0872045
-0.345589   -0.129172   -0.0762469
-0.0971712   0.0591987   -0.190705
0.14754   0.493214   0.279699
-0.447021   0.493998   -0.161938
-0.158063   -0.474322   -0.300107
-0.047575   0.330245   -0.353385
0.366277   -0.42952   0.041326
-0.2309   0.336472   0.0721604
-0.205379   -0.00713199   0.166178
-0.210001   0.422652   -0.392133
-0.103767   -0.0744757   -0.0364646
0.393956   0.471663   -0.342539
0.281112   -0.198028   -0.193425
-0.0537015   0.127593   -0.471632
0.0816068   0.176866   0.491784
0.465708   0.456565   -0.409731
-0.351375   0.446525   0.424607
0.319208   -0.136691   -0.0404768
-0.0568516   0.452911   -0.190011
-0.431841   0.260022   0.0710494
0.0522838   -0.244743   -0.341064
-0.195262   -0.0495042   0.496824
-0.0967489   0.19486   0.129646
0.484955   0.226023   -0.0566739
-0.434809   0.0412349   -0.252506
0.166428   -0.337266   -0.037738
-0.0464593   -0.19322   0.26978
0.256022   0.158222   0.151035
0.205238   -0.0621738   0.177519
-0.376466   0.127341   -0.289985
0.479979   -0.492577   0.0410324
0.485309   -0.403079   0.39468
0.122959   0.411053   0.211247
0.209301   -0.107354   0.283944
-0.287546   0.155589   0.239588
0.480182   0.467233   -0.3136
0.102457   0.443282   -0.0496249
0.0823167   -0.384861   0.196601
-0.241983   0.351938   -0.480182
-0.0106172   0.140896   0.299443
0.0712683   -0.280947   0.131329
-0.380538   0.397934   -0.075753
0.323916   -0.0909409   -0.204202
-0.154059   -0.116546   -0.408384
-0.194429   -0.0187141   -0.0446894
-0.219741   -0.180457   -0.051533
0.458598   -0.16806   0.046768
-0.155716   0.301025   0.0169755
0.346566   -0.272096   -0.0471476
-0.416577   -0.465545   0.362289
-0.21507   -0.448671   0.11429
0.332217   0.185575   -0.286548
-0.485037   -0.459704   -0.0628666
0.379036   -0.415651   -0.0520923
-0.179284   -0.239549   -0.146578
0.105176   0.275842   0.493789
0.278886   -0.21795   0.248943
0.0983836   0.429026   -0.13202
-0.237371   0.417062   0.0646418
-0.357437   -0.177939   -0.213091
-0.258939   0.467825   0.119663
-0.105966   -0.203309   0.401632
0.301118   0.397886   -0.448875
-0.418651   0.0611068   0.356869
-0.0452874   -0.355838   0.0100626
0.228107   -0.305666   0.0519837
-0.0898687   0.160966   0.0447686
0.404279   0.222365   -0.43586
0.389137   0.248485   -0.0296479
-0.188673   0.0381738   0.0459381
-0.143622   0.487309   0.147868
0.0509502   -0.446852   -0.405211
-0.1159   0.0929253   0.10024
-0.49257   0.15635   0.382687
-0.488792   0.262088   -0.284409
0.0640109   0.0947435   0.280345
0.326667   -0.480543   -0.481699
-0.0973704   -0.15331   -0.105636
-0.0165444   -0.286864   0.07936
0.412439   -0.222963   0.341508
0.36851   0.281645   0.0744348
-0.421259   -0.161301   0.0404369
-0.279633   0.440049   0.200626
-0.343777   0.337815   0.167206
0.419239   -0.451475   -0.322791
-0.480497   0.331741   0.123867
0.454704   -0.466877   0.438747
0.357637   -0.426526   -0.383212
-0.186247   0.452772   -0.0330304
-0.226144   -0.165462   -0.368539
-0.454366   0.052219   0.4913
-0.189455   0.45491   -0.263435
0.212578   -0.28286   0.280054
-0.318904   0.11329   -0.186962
-0.444738   0.345039   -0.165982
0.364232   -0.204638   -0.357018
0.0167922   0.488694   -0.314236
0.1618   0.188628   0.224062
0.0279364   0.37229   -0.319867
0.190287   -0.244902   -0.234209
-0.100974   -0.304743   0.245617
-0.0319378   0.158918   -0.256935
0.326296   -0.271884   -0.169567
