-0.481535   -0.483161   0.391217
0.0855249   -0.317725   0.293902
-0.180775   -0.341403   -0.00233057
-0.0827305   0.289209   -0.474198
0.32742   -0.404044   0.483163
0.473964   -0.337902   -0.494571
0.203057   0.191413   -0.248599
-0.165339   -0.320992   -0.46745
0.229754   -0.0578993   0.27319
0.27859   -0.183612   0.0450268
-0.455002   0.308749   0.312404
0.135272   0.292844   0.387186
-0.236542   -0.316059   0.169936
-0.486184   0.200584   -0.312409
-0.496571   0.249544   0.243585
0.374428   0.213986   -0.225072
-0.0328699   -0.106413   0.111037
0.166986   -0.353877   0.415264
0.0360918   0.0106264   -0.0794537
-0.161322   0.0852631   -0.252039
0.11216   0.427356   0.142378
-0.368874   0.233638   0.0513581
-0.057913   0.489297   0.143516
-0.395749   0.00200371   0.439922
-0.403235   -0.394233   -0.111134
-0.33288   0.334708   -0.307502
0.291919   0.261974   0.122697
0.166591   0.485159   -0.416139
0.00546282   -0.207919   0.354034
-0.391997   0.486645   -0.293018
-0.0285486   -0.202945   -0.0815336
0.16743   0.228685   -0.326872
-0.0415695   -0.423119   0.251767
0.364566   0.365687   -0.242951
-0.0908709   -0.237051   -0.22443
-0.155164   0.185436   0.337305
0.270802   -0.389489   0.364725
0.0686372   0.401859   -0.234485
0.225597   -0.395033   0.0402494
-0.433798   0.0481406   0.0332816
-0.0207119   0.0595679   -0.460747
0.486127   -0.035673   -0.326405
0.270656   -0.401943   0.105336
-0.00669245   -0.4635   -0.0147953
0.0724334   -0.40256   0.289409
0.203966   -0.346553   -0.0257551
0.296224   -0.0401397   -0.0600658
0.050447   0.483055   -0.2834
-0.0767807   -0.159905   -0.19808
-0.405186   -0.264447   -0.187092
0.113044   -0.176788   0.470727
0.466976   -0.303276   0.352068
0.225082   -0.446888   -0.454113
0.271277   0.423956   -0.410465
-0.29702   0.273452   0.264951
-0.358474   0.367008   -0.400048
0.452488   -0.244831   0.278454
0.113748   0.404816   -0.301535
-0.263887   0.195408   0.290214
-0.319445   0.0478604   -0.195611
-0.402295   0.355366   0.354348
-0.11884   0.205939   0.440449
-0.294457   0.346241   0.00802933
-0.315217   -0.279226   -0.348835
-0.210342   -0.493687   0.282723
0.105639   0.216896   0.357427
0.301671   0.103673   0.109667
0.437517   0.388956   0.456754
0.466459   -0.364037   -0.123199
0.146135   -0.0549004   -0.3961
-0.377634   -0.347259   -0.0288449
-0.417178   0.401128   -0.299075
0.0157337   0.324656   -0.326703
0.461184   0.126933   0.135005
0.0717821   -0.196953   0.0408565
0.0850916   0.0387119   0.395709
-0.0242828   -0.374719   -0.109509
-0.388137   -0.198894   0.464291
0.0855594   0.480873   -0.200946
-0.47725   -0.312411   0.251885
-0.0551448   -0.398972   0.0269312
0.271995   0.306287   -0.0862988
0.449773   0.246087   0.120302
-0.201835   0.286184   0.0402604
-0.0725412   -0.101695   0.451157
0.249666   -0.038049   -0.317839
-0.352149   -0.339693   0.404642
0.369402   -0.37729   0.0786301
0.00664639   -0.189124   0.233763
-0.451049   0.482819   -0.441703
0.0207922   0.21357   0.0160972
0.200715   0.108449   0.180926
0.486147   0.0611281   0.431149
0.134592   -0.415265   0.22058
0.0517856   -0.19498   -0.0956692
0.329033   -0.142617   0.180568
0.0135751   0.109549   -0.0330717
-0.00430084   -0.18189   -0.281908
0.135151   0.441068   0.259279
-0.0709291   -0.187622   0.461247
0.0936879   -0.373439   -0.493278
0.218655   -0.236735   -0.0570776
0.0541247   -0.115081   0.235039
0.414826   -0.000805862   0.0093643
0.0648041   -0.368772   0.218247
-0.215174   0.256738   0.30029
-0.149395   0.192439   -0.432836
0.0769529   0.301876   -0.438731
