-2.26811   0.572753   1.66891
0.448507   -0.678065   1.4198
-1.01779   -2.30249   -0.844667
1.10473   -0.0619812   -0.686942
-0.0407795   -2.61182   0.943239
-1.03755   0.0248059   0.00984005
-1.40468   -0.268164   0.763476
-0.148783   -1.16322   -0.290729
-0.541902   0.7755   -0.187935
0.895753   1.11499   -1.134
-1.12108   0.902983   -0.343784
0.792472   1.01466   1.58305
-1.27204   -1.49443   -2.1983
-0.315491   1.0087   1.33819
0.256694   -0.210253   -2.21564
-2.08292   0.610885   0.166077
-2.08888   -0.0105836   0.028696
0.0934979   0.783032   0.936338
1.92634   1.49189   0.490792
1.00756   0.815331   -1.83883
-1.5202   -2.24046   1.01388
-0.20788   0.583558   -0.745405
-0.0646802   -0.0644386   0.27798
0.748213   -0.00884632   -1.66477
0.209095   0.639512   0.720382
-1.47734   -1.41423   0.592161
-1.09504   1.41847   -0.799114
1.06988   3.40957   -0.713032
-0.334968   -1.72673   0.742958
-0.542597   -0.52098   -0.667087
1.37433   -0.599662   -0.28811
0.216569   -0.991037   -0.252374
-0.367291   0.602184   -2.06749
1.28551   0.931959   -0.921372
0.723447   -2.27233   1.24126
0.876643   0.271874   0.621577
-0.269679   0.138071   0.612433
0.987784   -2.07622   -0.205716
-1.47608   0.0808885   0.641748
-0.689947   -0.941212   2.02116
-0.704971   -0.383959   0.113556
1.70951   -0.517699   0.403228
1.73487   -1.18018   -0.235634
0.0717258   0.586893   0.139901
0.560633   -0.295236   -0.0125725
-0.492423   2.22429   1.01629
0.791852   -0.511912   1.01085
0.749072   0.323713   -0.135762
-1.08698   -0.30764   0.863374
-0.266175   1.9764   -1.49364
0.026225   1.92847   -0.917916
-1.55823   0.174631   -0.340553
-1.04554   0.912897   0.86441
1.95807   0.930157   -1.58489
1.85687   0.445607   1.26515
-1.46594   -2.35395   1.41397
2.35843   -0.550067   1.77653
-0.258317   -0.382899   0.438382
-0.673348   -0.983417   -0.554874
0.143715   -0.6506   1.60684
-2.25846   -0.544195   -2.52952
0.289217   -0.3527   1.61567
-0.668456   0.417016   -0.0332671
0.546423   0.280592   0.431194
1.19276   0.226325   0.861235
-0.403652   1.87589   -0.283605
0.229414   1.49879   0.724913
0.863143   -1.43046   -1.36357
-0.140842   -0.367609   -1.22987
0.260371   1.24264   0.780459
-2.1625   -1.1128   0.403139
-1.64318   0.619653   -0.650218
-0.907649   0.940981   0.313075
-0.479173   -0.0572778   -1.18799
-0.325225   1.52219   -0.942855
-0.975951   -0.131731   0.0967325
1.59054   0.858434   -0.805585
-0.93625   0.0562911   -0.835961
-1.51426   -0.182215   -0.709605
0.664702   0.00775151   0.0191459
-0.0999674   0.22959   2.2523
0.718521   -1.05925   0.561933
1.0738   1.57363   -0.995786
0.656798   0.771354   0.043288
-0.377856   -1.08418   2.19848
1.24824   -0.794912   0.565307
0.565029   0.944813   0.0765383
0.199144   -0.262787   -1.4203
-1.03372   0.815131   -0.534411
1.49257   0.394458   0.318799
1.70511   -1.03632   -0.806634
0.0419295   0.412575   0.241917
-0.231383   -1.52336   -0.562582
-0.208241   2.72416   1.00204
-0.433809   -0.0126005   -1.01989
-1.16187   -1.8244   0.520581
0.678608   1.75497   -1.16915
-0.0941974   -0.352865   -1.22421
-1.02167   0.450611   -1.5216
-0.615229   1.06066   -1.60629
0.584838   -0.977536   0.159266
2.0693   -0.358614   -0.9108
-0.0485164   -1.53306   1.42049
2.6053   -1.34567   0.141337
0.0198949   -0.890741   0.69669
-1.74898   0.687341   0.533904
0.102925   -1.67658   0.141435
3.05207   0.626062   0.818532
