0.0660091   0.125657   -0.046435
-0.429036   -0.219398   0.451072
-0.177643   0.123124   -0.350915
-0.160832   0.432443   -0.0354235
0.115778   0.344665   0.2836
0.217208   0.0349064   0.295854
-0.463851   0.228201   -0.119992
0.152721   -0.232246   0.366955
0.135036   0.240527   0.0302784
-0.403176   0.240699   -0.191126
-0.327823   -0.206786   0.429369
0.0534859   0.204138   0.0365774
0.253273   0.451776   0.250028
0.473289   0.0258793   0.434947
0.279647   -0.369111   -0.0688502
0.475771   -0.129765   -0.417258
-0.154791   -0.00847552   0.094513
0.33636   -0.249753   -0.326714
-0.236649   0.168641   0.383197
-0.143442   0.175186   -0.179795
0.0996734   -0.100293   -0.120192
0.08799   -0.192367   -0.155614
-0.152595   0.178272   -0.276144
-0.431693   0.418861   0.121135
-0.174414   0.352901   0.49567
0.276566   0.486457   0.461789
-0.277786   -0.242113   0.479306
0.0624283   -0.198333   -0.0676336
-0.0101097   -0.0777763   0.213302
0.368628   -0.288424   0.114942
-0.260924   -0.16339   -0.0759178
0.12571   -0.0653155   -0.0452151
0.000758306   0.362768   0.473315
0.0865937   -0.315232   0.2833
-0.367896   -0.0937748   -0.0533374
-0.394316   0.185125   0.1983
-0.146581   0.342251   -0.281609
-0.226084   -0.394726   0.410577
0.223045   0.337079   0.173888
0.288675   0.209477   -0.359556
-0.163676   0.382155   0.0586418
-0.0184209   0.016188   -0.101432
0.258916   -0.442845   0.290633
0.426627   -0.19685   -0.0376823
0.42589   0.0713655   0.00522255
-0.257912   0.308415   0.392602
0.361229   -0.0877857   -0.267601
0.166197   0.0424863   0.389845
-0.262159   0.289577   0.483777
-0.436667   0.331609   -0.278465
0.269479   0.355154   -0.114968
-0.105363   0.0441108   -0.201095
-0.115881   0.455044   0.346991
-0.121819   -0.0724298   0.154042
-0.155462   0.383238   0.370166
-0.395182   0.33195   -0.456013
0.190667   -0.472281   -0.0291178
0.112168   0.356764   -0.169658
0.261975   -0.40295   0.178084
0.0841961   0.464121   0.0654268
-0.0735425   0.169838   0.378508
-0.0829854   -0.0735291   0.0636622
-0.0442328   -0.352655   0.219992
-0.48168   -0.440487   0.32406
0.350678   0.423067   0.333046
0.441159   0.107913   0.355871
0.0192544   -0.344374   -0.189438
0.323426   -0.490539   0.269665
0.155122   0.25382   0.256069
-0.357502   -0.23565   0.499774
0.144782   -0.260536   0.0836234
0.453969   0.381905   0.44782
-0.497593   0.226097   -0.497764
0.189999   0.344581   -0.18969
-0.34445   0.453238   -0.332597
-0.123755   0.292233   0.234898
0.156583   0.418555   0.279863
-0.194506   0.393115   -0.232813
-0.0487616   0.359359   -0.128445
0.168092   -0.0505826   0.447363
-0.048991   -0.101769   0.147996
0.450941   -0.0900345   -0.498869
0.396596   0.131913   0.109054
-0.430062   0.00372687   0.376039
-0.382799   -0.302884   0.282885
-0.335279   -0.0347254   0.0572137
0.246229   -0.0673235   0.0265299
0.45431   0.224123   -0.119996
0.449542   -0.278312   -0.384655
-0.35455   0.295206   0.431132
-0.364376   0.302917   0.253919
0.427698   0.472495   -0.18048
-0.367792   -0.417313   -0.183732
0.467852   -0.12206   -0.0187288
-0.0339518   -0.335097   0.449888
0.0522894   -0.0255829   -0.120441
-0.171443   0.394208   -0.14272
0.315574   0.00263877   -0.106358
0.412489   -0.188238   -0.403082
-0.204348   0.339878   0.234377
0.497647   0.0891031   -0.230233
0.150129   0.151123   0.0479279
-0.448279   -0.162813   -0.475104
-0.336792   -0.131254   -0.480093
0.349142   0.446205   -0.177487
0.486153   -0.237266   -0.119958
0.181471   -0.403249   0.488828
0.152665   0.392106   0.183025
