-0.49716   0.497053   -0.498541
-0.340898   -0.329888   -0.496356
-0.488833   -0.325821   -0.337319
-0.354833   0.494558   -0.316295
-0.169442   -0.480574   0.492501
-0.0149167   -0.324473   -0.483954
-0.186219   -0.333576   -0.323619
0.000970496   -0.498115   -0.335318
0.186426   0.487622   0.490236
0.330257   -0.345083   0.499452
0.164357   -0.34378   -0.331805
0.334464   0.485615   -0.319095
0.488818   -0.147829   0.497574
-0.325866   0.00716254   0.497725
0.493206   0.00749136   -0.34428
-0.345779   -0.150109   -0.329295
-0.175895   -0.176669   -0.497457
-0.000882347   -0.0374174   -0.488028
-0.172219   -0.00991378   -0.337857
-0.0214723   -0.178804   -0.310072
0.176213   -0.174602   0.499942
0.331095   0.0188627   0.495607
0.147274   -0.0167254   -0.338543
0.32972   -0.183355   -0.333648
-0.499108   0.16367   0.485712
-0.347276   0.334578   -0.49403
-0.495339   0.321137   -0.325504
-0.329818   0.182093   -0.348632
-0.17504   0.175183   0.497535
0.0191475   0.342857   0.476584
-0.159061   0.336619   -0.339402
-0.00488739   0.158938   -0.348206
0.178012   0.178075   0.459697
0.347893   0.331342   0.493541
0.170281   0.309169   -0.34218
0.327718   0.174234   -0.337005
0.499392   0.497319   -0.161388
-0.329211   -0.34493   -0.166005
-0.488104   -0.324748   0.0199545
-0.346003   0.487881   0.00924764
-0.162887   0.488504   -0.154673
0.00842647   -0.337435   -0.154578
-0.178276   -0.34219   8.41479e-05
0.00906742   -0.495987   0.0112519
0.165448   -0.479472   -0.161112
0.346052   -0.344531   -0.162751
0.175131   -0.322335   0.0156054
0.346929   0.485341   0.0191981
0.483954   -0.163193   -0.1713
-0.335247   0.0157808   -0.169182
0.492141   -0.00346798   -0.0260739
-0.328386   -0.168123   -0.00531822
-0.166718   -0.198497   -0.154683
-0.019199   -0.00627745   -0.176185
-0.132743   -0.0032317   0.0122456
0.000253684   -0.162487   -0.00161913
0.170017   -0.153905   -0.170098
0.318557   0.00820816   -0.186639
0.165007   0.017804   -0.0246064
0.337095   -0.159601   0.00590046
0.492398   0.163078   -0.178512
-0.34784   0.325488   -0.167748
0.496155   0.328918   -0.00219934
-0.331252   0.18267   -0.00811903
-0.165467   0.171364   -0.17554
0.000846343   0.344308   -0.164563
-0.166597   0.333447   5.32376e-06
0.00516595   0.166286   0.0209445
0.153212   0.167177   -0.16919
0.334356   0.321961   -0.166938
0.176753   0.342542   -0.0185388
0.327692   0.168744   -0.0056588
-0.493674   -0.492932   0.177416
-0.333281   -0.33321   0.180437
-0.490045   -0.316158   0.345402
-0.331387   -0.498621   0.337987
-0.174424   -0.492531   0.172706
-0.00271898   -0.321296   0.159786
-0.149936   -0.322082   0.326818
0.000582513   -0.495681   0.340381
0.162734   -0.493932   0.161397
0.338597   -0.344681   0.173649
0.159584   -0.327575   0.336959
0.342913   0.484496   0.339105
-0.480994   -0.159321   0.153251
-0.316878   0.013049   0.149727
-0.498166   -0.00480733   0.320713
-0.339635   -0.146935   0.324646
-0.174293   -0.148017   0.173723
0.0207655   0.00867408   0.190071
-0.183849   0.0019585   0.329111
0.000186204   -0.164779   0.341272
0.154849   -0.177562   0.164374
0.342365   0.000404629   0.150746
0.173479   -0.00670016   0.347366
0.344672   -0.165695   0.306447
-0.498719   0.170211   0.173647
-0.324448   0.329815   0.166456
-0.494257   0.320228   0.326427
-0.350856   0.151709   0.32877
-0.163231   0.174706   0.192283
-0.0102394   0.355012   0.170191
-0.176631   0.335414   0.347886
-0.0167088   0.14361   0.363963
0.176722   0.149377   0.184089
0.349427   0.339274   0.179579
0.163571   0.317413   0.291147
0.346897   0.16123   0.331192
