-0.383752   0.482583   -0.204913
1.43257   0.769177   0.668138
-0.0259512   -0.524058   -0.387924
0.724918   -2.12071   1.8148
-0.180388   0.964048   0.450107
-0.161016   -0.205418   0.378852
-2.09345   0.39997   0.198651
-1.16052   0.544859   1.51789
-1.19453   -0.916443   -0.360758
0.920197   -0.349557   -0.696886
0.707634   -1.2395   0.358009
-1.43779   0.336261   1.1387
-0.355918   0.912492   1.1274
-0.742665   0.672788   0.182378
1.18553   0.67333   0.634534
-0.14201   -0.507288   -0.595598
0.77769   0.673968   0.00591848
-1.66311   -1.02029   -0.204142
0.147887   -0.660458   -0.663324
1.25503   -0.543243   -0.702627
-0.723024   0.200237   -1.02768
-0.322617   0.269783   -1.0095
-0.406933   -0.386683   -0.982455
0.590879   -2.2054   0.291365
0.489926   -0.986176   1.09293
-1.33932   1.88511   -0.181181
-0.388404   -0.198142   0.950196
0.0838173   1.63976   0.64552
0.501802   -1.96202   1.14405
0.32888   -0.763489   0.439399
2.5088   0.632668   0.189338
-0.243693   -0.756006   0.112935
0.869553   -0.0675118   -0.00167079
-0.605603   -0.300763   -1.008
0.170939   -0.244665   1.15696
-1.59073   0.393757   -0.172215
-0.203657   1.01103   -1.28705
-0.377467   -0.170697   -0.0762584
0.0864013   -1.79047   -1.35502
-1.68326   -0.785286   1.28781
-0.0581865   1.61172   0.32356
-0.384641   0.240861   0.568478
-0.0194895   -0.181554   -0.183474
-1.00328   1.04161   -0.187729
-1.01866   1.05328   0.933963
0.937057   1.0809   0.112314
0.144259   1.01306   -0.363385
0.861211   0.612429   -0.354314
-0.371466   -0.666568   -0.572158
0.239067   0.813507   -0.771615
-0.0543366   0.23159   0.267355
1.32366   -0.91076   -0.733975
-0.706991   -0.849137   -0.056583
-1.46529   -1.0856   0.307848
0.436245   0.0538445   0.572737
0.397465   0.650107   -0.410498
-1.06815   0.37058   -0.693744
-1.35329   1.2864   1.28544
0.270564   -0.161505   -0.841221
0.29066   0.877289   0.906472
-0.693567   -0.947648   0.425235
1.61396   0.316471   -1.08699
1.16622   0.212165   0.0808078
1.61637   -0.791079   -0.485223
1.03094   -1.16583   -1.24641
-0.163954   0.161243   0.693371
1.83204   -0.319608   -0.493363
0.0677709   0.998056   -0.724153
0.204233   -0.134739   -0.580205
1.47372   -0.754562   -0.0354361
0.473125   -0.00360498   -0.484403
0.944144   -0.52332   -1.92931
1.10164   -1.93603   -0.837249
0.0172252   0.664145   1.15999
-1.21346   -1.03064   -2.2749
-1.48325   0.0129869   0.0788332
-0.121539   -0.0467515   -0.326241
1.12623   -0.322275   1.29221
0.0466107   1.14983e-05   0.456594
-0.382428   0.423822   -0.545169
-1.23958   0.31407   0.434955
1.30911   0.963736   1.11249
-0.367058   0.502797   1.17585
-0.982692   -0.408438   0.911644
-1.03778   0.0804561   -0.968965
-0.425043   -0.684758   -0.860343
-0.150031   -1.07504   -0.146119
0.00192901   -0.0277807   -0.33474
0.464542   -0.140922   0.837997
1.69612   0.632757   -1.80979
-0.874704   1.29307   0.430199
0.3935   0.275047   -1.51709
1.24982   -1.82351   -0.359826
-1.03686   1.60338   -0.285275
0.214839   -0.467375   1.80929
0.243525   0.407259   -0.092327
0.958838   1.06565   1.66444
-0.13315   0.355695   -0.178376
0.270779   -0.796342   0.676857
-0.587261   2.00873   -0.0821068
-1.47228   0.951991   -0.141062
-0.554492   0.366749   0.630924
0.265566   0.581656   -0.555702
-0.0392731   0.500219   -0.705892
-0.739321   -1.07363   0.248993
-0.703507   0.294319   -0.62991
2.34725   -1.67809   -0.0597631
-0.481858   0.325873   0.677537
