0.490342   0.496878   -0.499668
-0.329081   -0.341338   0.485501
-0.498831   -0.307209   -0.32744
-0.364102   -0.492666   -0.333182
-0.193612   0.495338   -0.486552
0.00570797   -0.335029   0.49604
-0.168493   -0.331061   -0.332773
-0.018865   -0.489862   -0.316895
0.157118   0.489955   -0.499107
0.319006   -0.345726   -0.498319
0.168926   -0.320648   -0.332126
0.340159   -0.497379   -0.341751
-0.48225   -0.159733   0.486746
-0.317817   0.00152312   -0.490612
-0.489741   0.000165119   -0.324438
-0.318012   -0.177309   -0.347229
-0.145673   -0.159068   -0.499625
0.00468357   0.0372849   0.486173
-0.159135   0.000589546   -0.338852
0.0126128   -0.171119   -0.312642
0.157957   -0.176382   0.492415
0.343392   0.0165788   -0.499968
0.158752   -0.0044683   -0.357623
0.331763   -0.15286   -0.339153
-0.491002   0.15716   -0.493058
-0.34823   0.330886   0.497644
0.49258   0.311923   -0.331834
-0.331501   0.165931   -0.323136
-0.154136   0.183982   -0.491956
-0.0115481   0.3309   0.484483
-0.179537   0.313809   -0.322262
-0.00582431   0.169076   -0.320538
0.184784   0.168783   0.486501
0.336886   0.327968   -0.498443
0.145873   0.327743   -0.334916
0.315839   0.163161   -0.327485
0.487675   0.491979   -0.182655
-0.325465   -0.318998   -0.168234
-0.496611   -0.330747   -0.0253853
-0.318103   0.487773   0.00652436
-0.186886   0.497677   -0.172528
0.00790313   -0.338732   -0.165853
-0.184776   -0.351595   -0.00175919
-0.00836299   0.496039   -0.010655
0.168513   -0.496213   -0.189264
0.332701   -0.330837   -0.175977
0.155132   -0.334503   0.00287081
0.330293   -0.471643   -0.0151774
0.491899   -0.176464   -0.160928
-0.314707   -0.00469866   -0.166165
-0.487923   0.00295428   0.00542255
-0.333018   -0.162621   0.0114372
-0.16995   -0.15869   -0.155388
-0.000661204   -0.015951   -0.154742
-0.173652   -0.00465536   0.0120644
-0.0197473   -0.176401   0.00918405
0.180921   -0.158076   -0.157495
0.318924   0.00660409   -0.14074
0.165341   0.00495443   0.0204205
0.329843   -0.201731   0.00860058
-0.486955   0.165331   -0.16789
-0.323886   0.341161   -0.174559
-0.48682   0.33939   -0.00843962
-0.33026   0.161392   0.000595371
-0.159254   0.153612   -0.154628
-0.0103959   0.345983   -0.172236
-0.156671   0.320508   -0.0100767
0.00523195   0.163853   0.0104462
0.16423   0.167259   -0.148115
0.328724   0.326413   -0.161543
0.166018   0.333358   0.00207783
0.34879   0.170077   0.00252385
-0.490769   -0.465346   0.154557
-0.344601   -0.333558   0.180537
0.484764   -0.321477   0.331929
-0.334337   0.47845   0.338499
-0.179576   -0.48218   0.167199
-0.0154945   -0.328456   0.164529
-0.164568   -0.334546   0.343407
-0.0192897   0.499861   0.336365
0.159425   0.49771   0.160495
0.324486   -0.343664   0.159835
0.151236   -0.348723   0.321298
0.344288   -0.493362   0.341103
0.490857   -0.18729   0.167521
-0.342441   -0.0140241   0.176703
-0.485225   0.00525508   0.337377
-0.322689   -0.168052   0.340505
-0.174904   -0.164233   0.175289
0.00245066   0.0144507   0.167774
-0.149117   0.0126456   0.328039
0.00965388   -0.15539   0.324074
0.165785   -0.18834   0.160412
0.32993   -0.0176674   0.174063
0.168689   -0.0134742   0.325745
0.339725   -0.160323   0.32695
-0.49238   0.155211   0.17909
-0.32478   0.336115   0.163248
0.492442   0.329965   0.327581
-0.306538   0.182468   0.333261
-0.164749   0.163328   0.157944
-0.0146605   0.349171   0.160442
-0.168219   0.339999   0.31595
0.013748   0.179215   0.322594
0.171559   0.168221   0.173715
0.35468   0.35149   0.15709
0.185381   0.328375   0.339474
0.33822   0.156636   0.319754
