-0.74004   0.535474   1.7682
0.0691767   -0.349107   0.15022
0.796036   -0.181214   0.245957
-0.4971   -0.338089   -0.426872
0.966042   -0.329348   0.365914
0.447359   -0.142444   -0.0841717
-2.15006   0.422911   0.900507
0.438454   0.586896   -1.65341
-0.764798   -0.370999   0.48174
-0.799292   -0.815328   0.881513
-0.933775   0.571626   0.00416477
0.432421   0.0998484   0.83436
0.157992   0.727607   0.117125
-0.0353507   0.15649   0.581398
0.650525   1.06914   0.423861
-0.26316   -0.825383   0.299927
-0.386781   -1.61254   -0.561334
-0.212151   1.13205   0.222482
-0.22049   0.218809   0.0669693
-1.82487   -0.523404   -0.537126
1.40691   -0.659342   0.870587
-0.407435   -0.0831233   0.867593
1.53636   -0.475132   0.830843
-0.0845316   0.337111   0.333328
-0.228831   0.737353   -1.21953
-2.0603   0.840834   1.29653
-1.92657   -0.307126   0.18796
1.15199   0.47592   0.508583
0.978697   -1.32864   0.872001
-1.49265   -0.706955   1.10195
0.604043   -0.208008   0.713787
-0.0132497   0.775066   0.91742
1.13617   0.0653116   -1.47525
0.707221   0.198013   1.06979
0.287585   -0.00423351   0.0740032
-1.54485   0.516709   1.24692
-0.18287   -1.16044   -1.17269
0.554821   1.13362   1.4937
-0.105525   1.8497   2.16993
-0.298593   -0.73073   0.0367849
-0.485428   0.362807   -0.216204
1.84572   0.0504305   -1.33101
0.179034   0.672787   -0.0646463
0.32407   1.42537   -0.558769
0.181139   -0.237112   0.352642
-0.532925   0.932028   -0.376933
-1.20532   -0.363944   -1.39183
-0.0464616   -1.60064   0.56743
0.343992   1.55734   -1.5865
1.51439   0.133806   0.155755
0.655972   0.0232226   -0.95793
-0.542704   -0.470775   0.412695
-0.395974   0.603081   -0.457489
-0.0623715   -1.50232   -0.375822
0.881714   0.413661   -0.488879
0.359219   -0.55422   0.146175
0.5439   0.400724   -0.194596
-1.37285   -0.659465   -2.26949
1.24852   -0.496547   -2.57697
-1.91965   -0.903518   0.731402
1.21464   0.607143   0.220209
0.0661132   -2.62238   -0.31157
0.828615   0.917766   -0.517641
-0.490251   1.11921   -0.360831
-0.10672   -0.744865   1.82785
-0.197813   1.50746   1.11408
0.739568   0.801309   -1.77014
-0.56066   -0.0163138   -0.422212
-1.38602   -1.24763   -1.39764
-0.886076   0.224652   0.12506
-1.60626   0.854461   -0.372265
1.26857   -1.79469   -0.703305
0.406614   -0.292726   0.800802
-0.338879   1.06353   0.773793
-0.86233   -1.04468   0.393601
1.83991   -0.182516   0.147612
2.59632   0.342858   0.0508411
-0.112347   -1.0347   -1.39013
-0.299597   -0.632117   -0.603313
0.369536   0.664281   -1.36294
1.0041   -0.20486   0.07234
0.510212   -1.16118   -0.0708767
-0.0697668   -0.243054   0.255359
-0.465915   0.0242371   -0.590555
-0.306575   0.582559   0.0651903
-0.122771   -0.350947   -0.382506
-1.3192   0.358156   0.40541
-0.151796   -0.858443   -0.683382
-0.0144482   -0.663505   -0.606841
-1.11304   -1.81503   1.39581
0.701255   0.0773392   -0.360577
-0.277546   0.284485   -0.757301
-0.187627   1.2029   -0.898984
0.0959985   0.169432   -0.61056
0.261094   1.11708   0.181652
-0.62071   -0.345876   -0.782719
0.74052   -0.00525713   1.03565
0.946448   1.30571   0.666353
-0.544428   0.333553   0.319638
-1.59699   -1.88241   -0.558522
0.0445117   -2.11077   1.41405
0.236141   -1.31193   -0.553731
0.702632   0.552398   -0.979963
-0.227023   1.01912   -0.151868
0.293016   1.82682   -0.177555
2.14644   1.76978   0.20074
-0.755354   0.309551   0.229682
0.945378   0.444494   1.35752
